#
# There is insufficient memory for the Java Runtime Environment to continue.
# Native memory allocation (mmap) failed to map 9437184 bytes for G1 virtual space
# Possible reasons:
#   The system is out of physical RAM or swap space
#   The process is running with CompressedOops enabled, and the Java Heap may be blocking the growth of the native heap
# Possible solutions:
#   Reduce memory load on the system
#   Increase physical memory or swap space
#   Check if swap backing store is full
#   Decrease Java heap size (-Xmx/-Xms)
#   Decrease number of Java threads
#   Decrease Java thread stack sizes (-Xss)
#   Set larger code cache with -XX:ReservedCodeCacheSize=
#   JVM is running with Unscaled Compressed Oops mode in which the Java heap is
#     placed in the first 4GB address space. The Java Heap base address is the
#     maximum limit for the native heap growth. Please use -XX:HeapBaseMinAddress
#     to set the Java Heap base and to place the Java Heap above 4GB virtual address.
# This output file may be truncated or incomplete.
#
#  Out of Memory Error (os_windows.cpp:3530), pid=31432, tid=50128
#
# JRE version: Java(TM) SE Runtime Environment (18.0+36) (build 18+36-2087)
# Java VM: Java HotSpot(TM) 64-Bit Server VM (18+36-2087, mixed mode, sharing, tiered, compressed oops, compressed class ptrs, g1 gc, windows-amd64)
# No core dump will be written. Minidumps are not enabled by default on client versions of Windows
#

---------------  S U M M A R Y ------------

Command Line: -Dapplication.home=C:\Program Files\Java\jdk-18 --add-modules=ALL-DEFAULT -Xms8m -Djdk.module.main=jdk.compiler jdk.compiler/com.sun.tools.javac.Main MySwingApp.java

Host: 11th Gen Intel(R) Core(TM) i5-1155G7 @ 2.50GHz, 8 cores, 7G,  Windows 11 , 64 bit Build 22000 (10.0.22000.1516)
Time: Thu May  4 22:44:27 2023 India Standard Time elapsed time: 11.066149 seconds (0d 0h 0m 11s)

---------------  T H R E A D  ---------------

Current thread (0x0000011fda4c4360):  VMThread "VM Thread" [stack: 0x0000001f02400000,0x0000001f02500000] [id=50128]

Stack: [0x0000001f02400000,0x0000001f02500000]
Native frames: (J=compiled Java code, j=interpreted, Vv=VM code, C=native code)
V  [jvm.dll+0x69804a]
V  [jvm.dll+0x7f308d]
V  [jvm.dll+0x7f499e]
V  [jvm.dll+0x7f5053]
V  [jvm.dll+0x25ca3f]
V  [jvm.dll+0x694f99]
V  [jvm.dll+0x689aca]
V  [jvm.dll+0x321efb]
V  [jvm.dll+0x3298d6]
V  [jvm.dll+0x37e47e]
V  [jvm.dll+0x37e6af]
V  [jvm.dll+0x2f9c7a]
V  [jvm.dll+0x2f9d27]
V  [jvm.dll+0x33e262]
V  [jvm.dll+0x33c804]
V  [jvm.dll+0x2f9450]
V  [jvm.dll+0x33bddb]
V  [jvm.dll+0x7f9e3b]
V  [jvm.dll+0x7fabd4]
V  [jvm.dll+0x7fb10c]
V  [jvm.dll+0x7fb564]
V  [jvm.dll+0x7fb627]
V  [jvm.dll+0x79fbba]
V  [jvm.dll+0x696ef5]
C  [ucrtbase.dll+0x26c0c]
C  [KERNEL32.DLL+0x155a0]
C  [ntdll.dll+0x485b]

VM_Operation (0x0000001f01efc230): G1CollectForAllocation, mode: safepoint, requested by thread 0x0000011fda406f00


---------------  P R O C E S S  ---------------

Threads class SMR info:
_java_thread_list=0x0000011ffec849b0, length=14, elements={
0x0000011fda406f00, 0x0000011fda4cd390, 0x0000011fda4ce4d0, 0x0000011ffa3d3cf0,
0x0000011ffa3d4e30, 0x0000011ffa3d57d0, 0x0000011ffa3d9660, 0x0000011ffa3daad0,
0x0000011ffa3e4fb0, 0x0000011ffa3e9060, 0x0000011ffa3bd0f0, 0x0000011ffe8f63a0,
0x0000011ffecfffb0, 0x0000011ffedf8470
}

Java Threads: ( => current thread )
  0x0000011fda406f00 JavaThread "main" [_thread_blocked, id=28208, stack(0x0000001f01e00000,0x0000001f01f00000)]
  0x0000011fda4cd390 JavaThread "Reference Handler" daemon [_thread_blocked, id=40836, stack(0x0000001f02500000,0x0000001f02600000)]
  0x0000011fda4ce4d0 JavaThread "Finalizer" daemon [_thread_blocked, id=41204, stack(0x0000001f02600000,0x0000001f02700000)]
  0x0000011ffa3d3cf0 JavaThread "Signal Dispatcher" daemon [_thread_blocked, id=46204, stack(0x0000001f02700000,0x0000001f02800000)]
  0x0000011ffa3d4e30 JavaThread "Attach Listener" daemon [_thread_blocked, id=20368, stack(0x0000001f02800000,0x0000001f02900000)]
  0x0000011ffa3d57d0 JavaThread "Service Thread" daemon [_thread_blocked, id=42084, stack(0x0000001f02900000,0x0000001f02a00000)]
  0x0000011ffa3d9660 JavaThread "Monitor Deflation Thread" daemon [_thread_blocked, id=48820, stack(0x0000001f02a00000,0x0000001f02b00000)]
  0x0000011ffa3daad0 JavaThread "C2 CompilerThread0" daemon [_thread_blocked, id=33540, stack(0x0000001f02b00000,0x0000001f02c00000)]
  0x0000011ffa3e4fb0 JavaThread "C1 CompilerThread0" daemon [_thread_blocked, id=31988, stack(0x0000001f02c00000,0x0000001f02d00000)]
  0x0000011ffa3e9060 JavaThread "Sweeper thread" daemon [_thread_blocked, id=49432, stack(0x0000001f02d00000,0x0000001f02e00000)]
  0x0000011ffa3bd0f0 JavaThread "Common-Cleaner" daemon [_thread_blocked, id=42572, stack(0x0000001f02e00000,0x0000001f02f00000)]
  0x0000011ffe8f63a0 JavaThread "Notification Thread" daemon [_thread_blocked, id=5688, stack(0x0000001f02f00000,0x0000001f03000000)]
  0x0000011ffecfffb0 JavaThread "C2 CompilerThread1" daemon [_thread_blocked, id=40272, stack(0x0000001f03600000,0x0000001f03700000)]
  0x0000011ffedf8470 JavaThread "C2 CompilerThread2" daemon [_thread_blocked, id=47668, stack(0x0000001f03700000,0x0000001f03800000)]

Other Threads:
=>0x0000011fda4c4360 VMThread "VM Thread" [stack: 0x0000001f02400000,0x0000001f02500000] [id=50128]
  0x0000011ffe946600 WatcherThread "VM Periodic Task Thread" [stack: 0x0000001f03000000,0x0000001f03100000] [id=36052]
  0x0000011fda462c20 WorkerThread "GC Thread#0" [stack: 0x0000001f01f00000,0x0000001f02000000] [id=6848]
  0x0000011ffeb18020 WorkerThread "GC Thread#1" [stack: 0x0000001f03100000,0x0000001f03200000] [id=24396]
  0x0000011ffea25d10 WorkerThread "GC Thread#2" [stack: 0x0000001f03200000,0x0000001f03300000] [id=45096]
  0x0000011ffeb20980 WorkerThread "GC Thread#3" [stack: 0x0000001f03300000,0x0000001f03400000] [id=49368]
  0x0000011ffebfed10 WorkerThread "GC Thread#4" [stack: 0x0000001f03400000,0x0000001f03500000] [id=5124]
  0x0000011ffebfea60 WorkerThread "GC Thread#5" [stack: 0x0000001f03500000,0x0000001f03600000] [id=28812]
  0x0000011fda473d10 ConcurrentGCThread "G1 Main Marker" [stack: 0x0000001f02000000,0x0000001f02100000] [id=38620]
  0x0000011fda474710 WorkerThread "G1 Conc#0" [stack: 0x0000001f02100000,0x0000001f02200000] [id=33956]
  0x0000011fda49e0c0 ConcurrentGCThread "G1 Refine#0" [stack: 0x0000001f02200000,0x0000001f02300000] [id=25828]
  0x0000011fda49f9e0 ConcurrentGCThread "G1 Service" [stack: 0x0000001f02300000,0x0000001f02400000] [id=13436]

Threads with active compile tasks:
C2 CompilerThread0    11122 1146       4       java.lang.String::endsWith (15 bytes)
C2 CompilerThread1    11122 1134       4       java.util.regex.Pattern::compile (500 bytes)

VM state: at safepoint (normal execution)

VM Mutex/Monitor currently owned by a thread:  ([mutex/lock_event])
[0x0000011fda4036e0] Threads_lock - owner thread: 0x0000011fda4c4360
[0x0000011fda404190] Heap_lock - owner thread: 0x0000011fda406f00

Heap address: 0x0000000083a00000, size: 1990 MB, Compressed Oops mode: 32-bit

CDS archive(s) mapped at: [0x0000000800000000-0x0000000800ba0000-0x0000000800ba0000), size 12189696, SharedBaseAddress: 0x0000000800000000, ArchiveRelocationMode: 0.
Compressed class space mapped at: 0x0000000800c00000-0x0000000840c00000, reserved size: 1073741824
Narrow klass base: 0x0000000800000000, Narrow klass shift: 0, Narrow klass range: 0x100000000

GC Precious Log:
 CardTable entry size: 512
 Card Set container configuration: InlinePtr #cards 5 size 8 Array Of Cards #cards 12 size 40 Howl #buckets 4 coarsen threshold 1843 Howl Bitmap #cards 512 size 80 coarsen threshold 460 Card regions per heap region 1 cards per card region 2048
 CPUs: 8 total, 8 available
 Memory: 7959M
 Large Page Support: Disabled
 NUMA Support: Disabled
 Compressed Oops: Enabled (32-bit)
 Heap Region Size: 1M
 Heap Min Capacity: 8M
 Heap Initial Capacity: 8M
 Heap Max Capacity: 1990M
 Pre-touch: Disabled
 Parallel Workers: 8
 Concurrent Workers: 2
 Concurrent Refinement Workers: 8
 Periodic GC: Disabled

Heap:
 garbage-first heap   total 12288K, used 5163K [0x0000000083a00000, 0x0000000100000000)
  region size 1024K, 1 young (1024K), 1 survivors (1024K)
 Metaspace       used 8413K, committed 8640K, reserved 1114112K
  class space    used 967K, committed 1088K, reserved 1048576K

Heap Regions: E=young(eden), S=young(survivor), O=old, HS=humongous(starts), HC=humongous(continues), CS=collection set, F=free, OA=open archive, CA=closed archive, TAMS=top-at-mark-start (previous, next)
|   0|0x0000000083a00000, 0x0000000083b00000, 0x0000000083b00000|100%| O|  |TAMS 0x0000000083a00000, 0x0000000083a00000| Untracked 
|   1|0x0000000083b00000, 0x0000000083c00000, 0x0000000083c00000|100%| O|  |TAMS 0x0000000083b00000, 0x0000000083b00000| Untracked 
|   2|0x0000000083c00000, 0x0000000083d00000, 0x0000000083d00000|100%| O|  |TAMS 0x0000000083c00000, 0x0000000083c00000| Untracked 
|   3|0x0000000083d00000, 0x0000000083e00000, 0x0000000083e00000|100%| O|  |TAMS 0x0000000083d00000, 0x0000000083d00000| Untracked 
|   4|0x0000000083e00000, 0x0000000083e25600, 0x0000000083f00000| 14%| O|  |TAMS 0x0000000083e00000, 0x0000000083e00000| Untracked 
|   5|0x0000000083f00000, 0x0000000083f00000, 0x0000000084000000|  0%| F|  |TAMS 0x0000000083f00000, 0x0000000083f00000| Untracked 
|   6|0x0000000084000000, 0x0000000084000000, 0x0000000084100000|  0%| F|  |TAMS 0x0000000084000000, 0x0000000084000000| Untracked 
|   7|0x0000000084100000, 0x00000000841e5940, 0x0000000084200000| 89%| S|CS|TAMS 0x0000000084100000, 0x0000000084100000| Complete 
|   8|0x0000000084200000, 0x0000000084200000, 0x0000000084300000|  0%| F|  |TAMS 0x0000000084200000, 0x0000000084200000| Untracked 
|   9|0x0000000084300000, 0x0000000084300000, 0x0000000084400000|  0%| F|  |TAMS 0x0000000084300000, 0x0000000084300000| Untracked 
|  10|0x0000000084400000, 0x0000000084400000, 0x0000000084500000|  0%| F|  |TAMS 0x0000000084400000, 0x0000000084400000| Untracked 
|  11|0x0000000084500000, 0x0000000084500000, 0x0000000084600000|  0%| F|  |TAMS 0x0000000084500000, 0x0000000084500000| Untracked 

Card table byte_map: [0x0000011ff3370000,0x0000011ff3760000] _byte_map_base: 0x0000011ff2f53000

Marking Bits (Prev, Next): (CMBitMap*) 0x0000011fda463220, (CMBitMap*) 0x0000011fda463260
 Prev Bits: [0x0000011ff3b50000, 0x0000011ff5a68000)
 Next Bits: [0x0000011ff5a70000, 0x0000011ff7988000)

Polling page: 0x0000011fda4d0000

Metaspace:

Usage:
  Non-class:      7.27 MB used.
      Class:    967.73 KB used.
       Both:      8.22 MB used.

Virtual space:
  Non-class space:       64.00 MB reserved,       7.38 MB ( 12%) committed,  1 nodes.
      Class space:        1.00 GB reserved,       1.06 MB ( <1%) committed,  1 nodes.
             Both:        1.06 GB reserved,       8.44 MB ( <1%) committed. 

Chunk freelists:
   Non-Class:  2.28 MB
       Class:  2.91 MB
        Both:  5.19 MB

MaxMetaspaceSize: unlimited
CompressedClassSpaceSize: 1.00 GB
Initial GC threshold: 21.00 MB
Current GC threshold: 21.00 MB
CDS: on
MetaspaceReclaimPolicy: balanced
 - commit_granule_bytes: 65536.
 - commit_granule_words: 8192.
 - virtual_space_node_default_size: 8388608.
 - enlarge_chunks_in_place: 1.
 - new_chunks_are_fully_committed: 0.
 - uncommit_free_chunks: 1.
 - use_allocation_guard: 0.


Internal statistics:

num_allocs_failed_limit: 0.
num_arena_births: 72.
num_arena_deaths: 0.
num_vsnodes_births: 2.
num_vsnodes_deaths: 0.
num_space_committed: 135.
num_space_uncommitted: 0.
num_chunks_returned_to_freelist: 0.
num_chunks_taken_from_freelist: 356.
num_chunk_merges: 0.
num_chunk_splits: 247.
num_chunks_enlarged: 197.
num_inconsistent_stats: 0.

CodeHeap 'non-profiled nmethods': size=120000Kb used=362Kb max_used=362Kb free=119637Kb
 bounds [0x0000011feaff0000, 0x0000011feb260000, 0x0000011ff2520000]
CodeHeap 'profiled nmethods': size=120000Kb used=1937Kb max_used=1937Kb free=118062Kb
 bounds [0x0000011fe3ac0000, 0x0000011fe3d30000, 0x0000011feaff0000]
CodeHeap 'non-nmethods': size=5760Kb used=1147Kb max_used=1181Kb free=4612Kb
 bounds [0x0000011fe3520000, 0x0000011fe3790000, 0x0000011fe3ac0000]
 total_blobs=1555 nmethods=1146 adapters=322
 compilation: enabled
              stopped_count=0, restarted_count=0
 full_count=0

Compilation events (20 events):
Event: 11.007 Thread 0x0000011ffa3e4fb0 1139       3       java.lang.invoke.MethodHandles$Lookup::checkSecurityManager (97 bytes)
Event: 11.008 Thread 0x0000011ffa3e4fb0 nmethod 1139 0x0000011fe3c9f810 code [0x0000011fe3c9fa00, 0x0000011fe3c9ff18]
Event: 11.008 Thread 0x0000011ffa3e4fb0 1140       3       java.util.stream.StreamOpFlag::isKnown (19 bytes)
Event: 11.008 Thread 0x0000011ffa3e4fb0 nmethod 1140 0x0000011fe3ca0110 code [0x0000011fe3ca02a0, 0x0000011fe3ca0418]
Event: 11.009 Thread 0x0000011ffa3e4fb0 1141       3       java.util.Spliterator::getExactSizeIfKnown (25 bytes)
Event: 11.009 Thread 0x0000011ffa3e4fb0 nmethod 1141 0x0000011fe3ca0490 code [0x0000011fe3ca0640, 0x0000011fe3ca0938]
Event: 11.020 Thread 0x0000011ffedf8470 nmethod 1136 0x0000011feb049b10 code [0x0000011feb049ca0, 0x0000011feb04a298]
Event: 11.027 Thread 0x0000011ffa3e4fb0 1142       3       sun.invoke.util.BytecodeDescriptor::unparseMethod (66 bytes)
Event: 11.027 Thread 0x0000011ffa3e4fb0 nmethod 1142 0x0000011fe3ca0a10 code [0x0000011fe3ca0c40, 0x0000011fe3ca12c8]
Event: 11.029 Thread 0x0000011ffa3e4fb0 1143       3       java.util.stream.AbstractPipeline::sourceSpliterator (265 bytes)
Event: 11.029 Thread 0x0000011ffedf8470 1145       4       java.util.Spliterators$1Adapter::accept (11 bytes)
Event: 11.030 Thread 0x0000011ffa3daad0 1146       4       java.lang.String::endsWith (15 bytes)
Event: 11.030 Thread 0x0000011ffa3e4fb0 nmethod 1143 0x0000011fe3ca1590 code [0x0000011fe3ca1820, 0x0000011fe3ca2768]
Event: 11.030 Thread 0x0000011ffa3e4fb0 1144       3       java.util.stream.AbstractPipeline::wrapSink (37 bytes)
Event: 11.030 Thread 0x0000011ffedf8470 nmethod 1145 0x0000011feb04a590 code [0x0000011feb04a700, 0x0000011feb04a838]
Event: 11.030 Thread 0x0000011ffa3e4fb0 nmethod 1144 0x0000011fe3ca2c90 code [0x0000011fe3ca2e60, 0x0000011fe3ca3278]
Event: 11.031 Thread 0x0000011ffa3e4fb0 1147       3       java.util.ArrayList::grow (60 bytes)
Event: 11.032 Thread 0x0000011ffa3e4fb0 nmethod 1147 0x0000011fe3ca3410 code [0x0000011fe3ca3600, 0x0000011fe3ca3c58]
Event: 11.032 Thread 0x0000011ffa3e4fb0 1148       3       java.lang.ref.WeakReference::<init> (6 bytes)
Event: 11.032 Thread 0x0000011ffa3e4fb0 nmethod 1148 0x0000011fe3ca3e90 code [0x0000011fe3ca4040, 0x0000011fe3ca4358]

GC Heap History (20 events):
Event: 8.568 GC heap after
{Heap after GC invocations=2 (full 0):
 garbage-first heap   total 8192K, used 1768K [0x0000000083a00000, 0x0000000100000000)
  region size 1024K, 1 young (1024K), 1 survivors (1024K)
 Metaspace       used 5050K, committed 5248K, reserved 1114112K
  class space    used 604K, committed 704K, reserved 1048576K
}
Event: 8.681 GC heap before
{Heap before GC invocations=2 (full 0):
 garbage-first heap   total 8192K, used 2792K [0x0000000083a00000, 0x0000000100000000)
  region size 1024K, 2 young (2048K), 1 survivors (1024K)
 Metaspace       used 6469K, committed 6592K, reserved 1114112K
  class space    used 762K, committed 832K, reserved 1048576K
}
Event: 8.682 GC heap after
{Heap after GC invocations=3 (full 0):
 garbage-first heap   total 8192K, used 2132K [0x0000000083a00000, 0x0000000100000000)
  region size 1024K, 1 young (1024K), 1 survivors (1024K)
 Metaspace       used 6469K, committed 6592K, reserved 1114112K
  class space    used 762K, committed 832K, reserved 1048576K
}
Event: 8.841 GC heap before
{Heap before GC invocations=3 (full 0):
 garbage-first heap   total 8192K, used 3156K [0x0000000083a00000, 0x0000000100000000)
  region size 1024K, 2 young (2048K), 1 survivors (1024K)
 Metaspace       used 7454K, committed 7616K, reserved 1114112K
  class space    used 846K, committed 896K, reserved 1048576K
}
Event: 8.845 GC heap after
{Heap after GC invocations=4 (full 0):
 garbage-first heap   total 8192K, used 2436K [0x0000000083a00000, 0x0000000100000000)
  region size 1024K, 1 young (1024K), 1 survivors (1024K)
 Metaspace       used 7454K, committed 7616K, reserved 1114112K
  class space    used 846K, committed 896K, reserved 1048576K
}
Event: 9.850 GC heap before
{Heap before GC invocations=4 (full 0):
 garbage-first heap   total 8192K, used 3460K [0x0000000083a00000, 0x0000000100000000)
  region size 1024K, 2 young (2048K), 1 survivors (1024K)
 Metaspace       used 7667K, committed 7808K, reserved 1114112K
  class space    used 870K, committed 896K, reserved 1048576K
}
Event: 9.851 GC heap after
{Heap after GC invocations=5 (full 0):
 garbage-first heap   total 8192K, used 2902K [0x0000000083a00000, 0x0000000100000000)
  region size 1024K, 1 young (1024K), 1 survivors (1024K)
 Metaspace       used 7667K, committed 7808K, reserved 1114112K
  class space    used 870K, committed 896K, reserved 1048576K
}
Event: 10.840 GC heap before
{Heap before GC invocations=5 (full 0):
 garbage-first heap   total 8192K, used 3926K [0x0000000083a00000, 0x0000000100000000)
  region size 1024K, 2 young (2048K), 1 survivors (1024K)
 Metaspace       used 7876K, committed 8128K, reserved 1114112K
  class space    used 900K, committed 1024K, reserved 1048576K
}
Event: 10.842 GC heap after
{Heap after GC invocations=6 (full 0):
 garbage-first heap   total 8192K, used 3185K [0x0000000083a00000, 0x0000000100000000)
  region size 1024K, 1 young (1024K), 1 survivors (1024K)
 Metaspace       used 7876K, committed 8128K, reserved 1114112K
  class space    used 900K, committed 1024K, reserved 1048576K
}
Event: 10.855 GC heap before
{Heap before GC invocations=6 (full 0):
 garbage-first heap   total 8192K, used 4209K [0x0000000083a00000, 0x0000000100000000)
  region size 1024K, 2 young (2048K), 1 survivors (1024K)
 Metaspace       used 7898K, committed 8128K, reserved 1114112K
  class space    used 900K, committed 1024K, reserved 1048576K
}
Event: 10.856 GC heap after
{Heap after GC invocations=7 (full 0):
 garbage-first heap   total 8192K, used 3361K [0x0000000083a00000, 0x0000000100000000)
  region size 1024K, 1 young (1024K), 1 survivors (1024K)
 Metaspace       used 7898K, committed 8128K, reserved 1114112K
  class space    used 900K, committed 1024K, reserved 1048576K
}
Event: 10.882 GC heap before
{Heap before GC invocations=7 (full 0):
 garbage-first heap   total 8192K, used 4385K [0x0000000083a00000, 0x0000000100000000)
  region size 1024K, 2 young (2048K), 1 survivors (1024K)
 Metaspace       used 7914K, committed 8192K, reserved 1114112K
  class space    used 900K, committed 1024K, reserved 1048576K
}
Event: 10.883 GC heap after
{Heap after GC invocations=8 (full 0):
 garbage-first heap   total 12288K, used 3457K [0x0000000083a00000, 0x0000000100000000)
  region size 1024K, 1 young (1024K), 1 survivors (1024K)
 Metaspace       used 7914K, committed 8192K, reserved 1114112K
  class space    used 900K, committed 1024K, reserved 1048576K
}
Event: 10.911 GC heap before
{Heap before GC invocations=8 (full 0):
 garbage-first heap   total 12288K, used 6529K [0x0000000083a00000, 0x0000000100000000)
  region size 1024K, 4 young (4096K), 1 survivors (1024K)
 Metaspace       used 8002K, committed 8192K, reserved 1114112K
  class space    used 909K, committed 1024K, reserved 1048576K
}
Event: 10.913 GC heap after
{Heap after GC invocations=9 (full 0):
 garbage-first heap   total 12288K, used 3906K [0x0000000083a00000, 0x0000000100000000)
  region size 1024K, 1 young (1024K), 1 survivors (1024K)
 Metaspace       used 8002K, committed 8192K, reserved 1114112K
  class space    used 909K, committed 1024K, reserved 1048576K
}
Event: 10.942 GC heap before
{Heap before GC invocations=9 (full 0):
 garbage-first heap   total 12288K, used 5954K [0x0000000083a00000, 0x0000000100000000)
  region size 1024K, 3 young (3072K), 1 survivors (1024K)
 Metaspace       used 8140K, committed 8384K, reserved 1114112K
  class space    used 927K, committed 1024K, reserved 1048576K
}
Event: 10.945 GC heap after
{Heap after GC invocations=10 (full 0):
 garbage-first heap   total 12288K, used 4281K [0x0000000083a00000, 0x0000000100000000)
  region size 1024K, 1 young (1024K), 1 survivors (1024K)
 Metaspace       used 8140K, committed 8384K, reserved 1114112K
  class space    used 927K, committed 1024K, reserved 1048576K
}
Event: 10.978 GC heap before
{Heap before GC invocations=10 (full 0):
 garbage-first heap   total 12288K, used 6329K [0x0000000083a00000, 0x0000000100000000)
  region size 1024K, 3 young (3072K), 1 survivors (1024K)
 Metaspace       used 8296K, committed 8576K, reserved 1114112K
  class space    used 946K, committed 1088K, reserved 1048576K
}
Event: 10.981 GC heap after
{Heap after GC invocations=11 (full 0):
 garbage-first heap   total 12288K, used 4680K [0x0000000083a00000, 0x0000000100000000)
  region size 1024K, 1 young (1024K), 1 survivors (1024K)
 Metaspace       used 8296K, committed 8576K, reserved 1114112K
  class space    used 946K, committed 1088K, reserved 1048576K
}
Event: 11.032 GC heap before
{Heap before GC invocations=11 (full 0):
 garbage-first heap   total 12288K, used 7752K [0x0000000083a00000, 0x0000000100000000)
  region size 1024K, 4 young (4096K), 1 survivors (1024K)
 Metaspace       used 8413K, committed 8640K, reserved 1114112K
  class space    used 967K, committed 1088K, reserved 1048576K
}

Deoptimization events (20 events):
Event: 10.837 Thread 0x0000011fda406f00 Uncommon trap: trap_request=0xffffffde fr.pc=0x0000011feb02f148 relative=0x00000000000002e8
Event: 10.837 Thread 0x0000011fda406f00 Uncommon trap: reason=class_check action=maybe_recompile pc=0x0000011feb02f148 method=java.util.HashMap.getNode(Ljava/lang/Object;)Ljava/util/HashMap$Node; @ 128 c2
Event: 10.837 Thread 0x0000011fda406f00 DEOPT PACKING pc=0x0000011feb02f148 sp=0x0000001f01efe4e0
Event: 10.837 Thread 0x0000011fda406f00 DEOPT UNPACKING pc=0x0000011fe3575c23 sp=0x0000001f01efe448 mode 2
Event: 10.894 Thread 0x0000011fda406f00 DEOPT PACKING pc=0x0000011fe3ba30d0 sp=0x0000001f01efd9f0
Event: 10.894 Thread 0x0000011fda406f00 DEOPT UNPACKING pc=0x0000011fe3576763 sp=0x0000001f01efce98 mode 0
Event: 10.895 Thread 0x0000011fda406f00 DEOPT PACKING pc=0x0000011fe3ba30d0 sp=0x0000001f01efdab0
Event: 10.895 Thread 0x0000011fda406f00 DEOPT UNPACKING pc=0x0000011fe3576763 sp=0x0000001f01efcf58 mode 0
Event: 10.895 Thread 0x0000011fda406f00 DEOPT PACKING pc=0x0000011fe3ba30d0 sp=0x0000001f01efd9f0
Event: 10.895 Thread 0x0000011fda406f00 DEOPT UNPACKING pc=0x0000011fe3576763 sp=0x0000001f01efce98 mode 0
Event: 10.896 Thread 0x0000011fda406f00 DEOPT PACKING pc=0x0000011fe3ba30d0 sp=0x0000001f01efd9f0
Event: 10.896 Thread 0x0000011fda406f00 DEOPT UNPACKING pc=0x0000011fe3576763 sp=0x0000001f01efce98 mode 0
Event: 10.896 Thread 0x0000011fda406f00 DEOPT PACKING pc=0x0000011fe3ba30d0 sp=0x0000001f01efdab0
Event: 10.896 Thread 0x0000011fda406f00 DEOPT UNPACKING pc=0x0000011fe3576763 sp=0x0000001f01efcf58 mode 0
Event: 10.898 Thread 0x0000011fda406f00 DEOPT PACKING pc=0x0000011fe3ba30d0 sp=0x0000001f01efd9f0
Event: 10.898 Thread 0x0000011fda406f00 DEOPT UNPACKING pc=0x0000011fe3576763 sp=0x0000001f01efce98 mode 0
Event: 10.925 Thread 0x0000011fda406f00 Uncommon trap: trap_request=0xffffff45 fr.pc=0x0000011feb026d60 relative=0x0000000000000060
Event: 10.925 Thread 0x0000011fda406f00 Uncommon trap: reason=unstable_if action=reinterpret pc=0x0000011feb026d60 method=com.sun.tools.javac.jvm.PoolReader.sizeof(I)I @ 1 c2
Event: 10.925 Thread 0x0000011fda406f00 DEOPT PACKING pc=0x0000011feb026d60 sp=0x0000001f01efe320
Event: 10.925 Thread 0x0000011fda406f00 DEOPT UNPACKING pc=0x0000011fe3575c23 sp=0x0000001f01efe2b0 mode 2

Classes loaded (20 events):
Event: 10.678 Loading class java/util/stream/Nodes$EmptyNode$OfDouble
Event: 10.741 Loading class java/util/stream/Node$OfDouble
Event: 10.806 Loading class java/util/stream/Node$OfDouble done
Event: 10.806 Loading class java/util/stream/Nodes$EmptyNode$OfDouble done
Event: 10.806 Loading class java/util/stream/Nodes$SpinedNodeBuilder
Event: 10.823 Loading class java/util/stream/Node$Builder
Event: 10.823 Loading class java/util/stream/Node$Builder done
Event: 10.823 Loading class java/util/stream/Nodes$SpinedNodeBuilder done
Event: 10.824 Loading class sun/nio/fs/WindowsPath$WindowsPathWithAttributes
Event: 10.824 Loading class sun/nio/fs/BasicFileAttributesHolder
Event: 10.825 Loading class sun/nio/fs/BasicFileAttributesHolder done
Event: 10.825 Loading class sun/nio/fs/WindowsPath$WindowsPathWithAttributes done
Event: 10.924 Loading class java/util/LinkedList$Node
Event: 10.924 Loading class java/util/LinkedList$Node done
Event: 10.939 Loading class java/lang/invoke/MethodHandle$1
Event: 10.939 Loading class java/lang/invoke/MethodHandle$1 done
Event: 11.008 Loading class java/util/stream/Nodes$FixedNodeBuilder
Event: 11.008 Loading class java/util/stream/Nodes$ArrayNode
Event: 11.008 Loading class java/util/stream/Nodes$ArrayNode done
Event: 11.008 Loading class java/util/stream/Nodes$FixedNodeBuilder done

Classes unloaded (0 events):
No events

Classes redefined (0 events):
No events

Internal exceptions (20 events):
Event: 8.294 Thread 0x0000011fda406f00 Exception <a 'java/lang/NoSuchMethodError'{0x0000000083f36da8}: 'void java.lang.invoke.DirectMethodHandle$Holder.invokeInterface(java.lang.Object, java.lang.Object, java.lang.Object)'> (0x0000000083f36da8) 
thrown [t:\workspace\open\src\hotspot\share\interpreter\linkResolver.cpp, line 766]
Event: 8.308 Thread 0x0000011fda406f00 Exception <a 'java/lang/NoSuchMethodError'{0x0000000083f665c8}: 'java.lang.Object java.lang.invoke.DirectMethodHandle$Holder.invokeStaticInit(java.lang.Object)'> (0x0000000083f665c8) 
thrown [t:\workspace\open\src\hotspot\share\interpreter\linkResolver.cpp, line 766]
Event: 8.473 Thread 0x0000011fda406f00 Exception <a 'java/lang/NoSuchMethodError'{0x0000000084175d90}: 'int java.lang.invoke.DirectMethodHandle$Holder.invokeStaticInit(java.lang.Object, java.lang.Object)'> (0x0000000084175d90) 
thrown [t:\workspace\open\src\hotspot\share\interpreter\linkResolver.cpp, line 766]
Event: 8.591 Thread 0x0000011fda406f00 Exception <a 'java/lang/NoSuchMethodError'{0x0000000084132ab0}: 'int java.lang.invoke.DirectMethodHandle$Holder.invokeVirtual(java.lang.Object, java.lang.Object)'> (0x0000000084132ab0) 
thrown [t:\workspace\open\src\hotspot\share\interpreter\linkResolver.cpp, line 766]
Event: 8.597 Thread 0x0000011fda406f00 Exception <a 'java/lang/NoSuchMethodError'{0x000000008415b980}: 'java.lang.Object java.lang.invoke.DirectMethodHandle$Holder.newInvokeSpecial(java.lang.Object, java.lang.Object, java.lang.Object, java.lang.Object, java.lang.Object)'> (0x000000008415b980) 
thrown [t:\workspace\open\src\hotspot\share\interpreter\linkResolver.cpp, line 766]
Event: 8.600 Thread 0x0000011fda406f00 Exception <a 'java/lang/NoSuchMethodError'{0x000000008416a4c8}: 'java.lang.Object java.lang.invoke.DirectMethodHandle$Holder.newInvokeSpecial(java.lang.Object, java.lang.Object, java.lang.Object, java.lang.Object, java.lang.Object, java.lang.Object)'> (0x000000008416a4c8) 
thrown [t:\workspace\open\src\hotspot\share\interpreter\linkResolver.cpp, line 766]
Event: 8.625 Thread 0x0000011fda406f00 Exception <a 'java/lang/NoSuchMethodError'{0x00000000841b4980}: 'java.lang.Object java.lang.invoke.DirectMethodHandle$Holder.invokeVirtual(java.lang.Object, java.lang.Object, java.lang.Object)'> (0x00000000841b4980) 
thrown [t:\workspace\open\src\hotspot\share\interpreter\linkResolver.cpp, line 766]
Event: 8.629 Thread 0x0000011fda406f00 Exception <a 'java/lang/NoSuchMethodError'{0x00000000841bf9f0}: 'int java.lang.invoke.DirectMethodHandle$Holder.invokeInterface(java.lang.Object, java.lang.Object)'> (0x00000000841bf9f0) 
thrown [t:\workspace\open\src\hotspot\share\interpreter\linkResolver.cpp, line 766]
Event: 8.632 Thread 0x0000011fda406f00 Exception <a 'sun/nio/fs/WindowsException'{0x00000000841c6278}> (0x00000000841c6278) 
thrown [t:\workspace\open\src\hotspot\share\prims\jni.cpp, line 516]
Event: 8.633 Thread 0x0000011fda406f00 Exception <a 'sun/nio/fs/WindowsException'{0x00000000841c6610}> (0x00000000841c6610) 
thrown [t:\workspace\open\src\hotspot\share\prims\jni.cpp, line 516]
Event: 9.034 Thread 0x0000011fda406f00 Exception <a 'java/lang/NoSuchMethodError'{0x0000000084111b00}: 'java.lang.Object java.lang.invoke.DirectMethodHandle$Holder.invokeVirtual(java.lang.Object, java.lang.Object, java.lang.Object, int, int)'> (0x0000000084111b00) 
thrown [t:\workspace\open\src\hotspot\share\interpreter\linkResolver.cpp, line 766]
Event: 9.036 Thread 0x0000011fda406f00 Exception <a 'java/lang/NoSuchMethodError'{0x00000000841189d8}: 'java.lang.Object java.lang.invoke.DirectMethodHandle$Holder.invokeVirtual(java.lang.Object, java.lang.Object, int)'> (0x00000000841189d8) 
thrown [t:\workspace\open\src\hotspot\share\interpreter\linkResolver.cpp, line 766]
Event: 9.038 Thread 0x0000011fda406f00 Exception <a 'java/lang/NoSuchMethodError'{0x00000000841218f8}: 'java.lang.Object java.lang.invoke.DirectMethodHandle$Holder.invokeSpecial(java.lang.Object, java.lang.Object, java.lang.Object, int, int)'> (0x00000000841218f8) 
thrown [t:\workspace\open\src\hotspot\share\interpreter\linkResolver.cpp, line 766]
Event: 9.858 Thread 0x0000011fda406f00 Exception <a 'java/lang/NoSuchMethodError'{0x000000008416b170}: 'void java.lang.invoke.DirectMethodHandle$Holder.invokeStatic(java.lang.Object, java.lang.Object)'> (0x000000008416b170) 
thrown [t:\workspace\open\src\hotspot\share\interpreter\linkResolver.cpp, line 766]
Event: 9.859 Thread 0x0000011fda406f00 Exception <a 'sun/nio/fs/WindowsException'{0x0000000084175390}> (0x0000000084175390) 
thrown [t:\workspace\open\src\hotspot\share\prims\jni.cpp, line 516]
Event: 10.889 Thread 0x0000011fda406f00 Exception <a 'java/lang/NoSuchMethodError'{0x00000000845293c8}: 'int java.lang.invoke.DirectMethodHandle$Holder.invokeSpecial(java.lang.Object, java.lang.Object, java.lang.Object)'> (0x00000000845293c8) 
thrown [t:\workspace\open\src\hotspot\share\interpreter\linkResolver.cpp, line 766]
Event: 10.891 Thread 0x0000011fda406f00 Exception <a 'sun/nio/fs/WindowsException'{0x0000000084533c48}> (0x0000000084533c48) 
thrown [t:\workspace\open\src\hotspot\share\prims\jni.cpp, line 516]
Event: 10.891 Thread 0x0000011fda406f00 Exception <a 'sun/nio/fs/WindowsException'{0x0000000084533dc0}> (0x0000000084533dc0) 
thrown [t:\workspace\open\src\hotspot\share\prims\jni.cpp, line 516]
Event: 10.926 Thread 0x0000011fda406f00 Exception <a 'java/lang/NoSuchMethodError'{0x0000000084474488}: 'java.lang.Object java.lang.invoke.DirectMethodHandle$Holder.invokeStatic(java.lang.Object, java.lang.Object, int, int)'> (0x0000000084474488) 
thrown [t:\workspace\open\src\hotspot\share\interpreter\linkResolver.cpp, line 766]
Event: 10.935 Thread 0x0000011fda406f00 Exception <a 'java/lang/NoSuchMethodError'{0x000000008449cd58}: 'java.lang.Object java.lang.invoke.DirectMethodHandle$Holder.invokeInterface(java.lang.Object, java.lang.Object)'> (0x000000008449cd58) 
thrown [t:\workspace\open\src\hotspot\share\interpreter\linkResolver.cpp, line 766]

VM Operations (20 events):
Event: 8.744 Executing VM operation: HandshakeAllThreads done
Event: 8.841 Executing VM operation: G1CollectForAllocation
Event: 8.845 Executing VM operation: G1CollectForAllocation done
Event: 9.850 Executing VM operation: G1CollectForAllocation
Event: 9.851 Executing VM operation: G1CollectForAllocation done
Event: 10.825 Executing VM operation: HandshakeAllThreads
Event: 10.825 Executing VM operation: HandshakeAllThreads done
Event: 10.840 Executing VM operation: G1CollectForAllocation
Event: 10.842 Executing VM operation: G1CollectForAllocation done
Event: 10.854 Executing VM operation: G1CollectForAllocation
Event: 10.856 Executing VM operation: G1CollectForAllocation done
Event: 10.871 Executing VM operation: G1CollectForAllocation
Event: 10.884 Executing VM operation: G1CollectForAllocation done
Event: 10.911 Executing VM operation: G1CollectForAllocation
Event: 10.913 Executing VM operation: G1CollectForAllocation done
Event: 10.942 Executing VM operation: G1CollectForAllocation
Event: 10.945 Executing VM operation: G1CollectForAllocation done
Event: 10.978 Executing VM operation: G1CollectForAllocation
Event: 10.981 Executing VM operation: G1CollectForAllocation done
Event: 11.032 Executing VM operation: G1CollectForAllocation

Events (20 events):
Event: 1.225 Thread 0x0000011fda4cd390 Thread added: 0x0000011fda4cd390
Event: 1.225 Thread 0x0000011fda4ce4d0 Thread added: 0x0000011fda4ce4d0
Event: 1.264 Thread 0x0000011ffa3d3cf0 Thread added: 0x0000011ffa3d3cf0
Event: 1.264 Thread 0x0000011ffa3d4e30 Thread added: 0x0000011ffa3d4e30
Event: 1.264 Thread 0x0000011ffa3d57d0 Thread added: 0x0000011ffa3d57d0
Event: 1.265 Thread 0x0000011ffa3d9660 Thread added: 0x0000011ffa3d9660
Event: 1.265 Thread 0x0000011ffa3daad0 Thread added: 0x0000011ffa3daad0
Event: 1.265 Thread 0x0000011ffa3e4fb0 Thread added: 0x0000011ffa3e4fb0
Event: 1.265 Thread 0x0000011ffa3e9060 Thread added: 0x0000011ffa3e9060
Event: 1.582 Thread 0x0000011ffa3bd0f0 Thread added: 0x0000011ffa3bd0f0
Event: 1.621 Thread 0x0000011ffe8f63a0 Thread added: 0x0000011ffe8f63a0
Event: 1.643 Loaded shared library C:\Program Files\Java\jdk-18\bin\jimage.dll
Event: 5.650 Loaded shared library C:\Program Files\Java\jdk-18\bin\net.dll
Event: 5.657 Loaded shared library C:\Program Files\Java\jdk-18\bin\nio.dll
Event: 9.836 Thread 0x0000011ffecfffb0 Thread added: 0x0000011ffecfffb0
Event: 9.853 Thread 0x0000011ffedfcae0 Thread added: 0x0000011ffedfcae0
Event: 10.075 Thread 0x0000011ffedfcae0 Thread exited: 0x0000011ffedfcae0
Event: 10.826 Thread 0x0000011ffecfffb0 Thread exited: 0x0000011ffecfffb0
Event: 10.856 Thread 0x0000011ffecfffb0 Thread added: 0x0000011ffecfffb0
Event: 10.868 Thread 0x0000011ffedf8470 Thread added: 0x0000011ffedf8470


Dynamic libraries:
0x00007ff63dde0000 - 0x00007ff63dde8000 	C:\Program Files\Java\jdk-18\bin\javac.exe
0x00007fff14620000 - 0x00007fff14829000 	C:\windows\SYSTEM32\ntdll.dll
0x00007fff124a0000 - 0x00007fff1255e000 	C:\windows\System32\KERNEL32.DLL
0x00007fff11c10000 - 0x00007fff11f8c000 	C:\windows\System32\KERNELBASE.dll
0x00007fff12300000 - 0x00007fff12411000 	C:\windows\System32\ucrtbase.dll
0x00007ffedc2d0000 - 0x00007ffedc2e8000 	C:\Program Files\Java\jdk-18\bin\jli.dll
0x00007ffedada0000 - 0x00007ffedadba000 	C:\Program Files\Java\jdk-18\bin\VCRUNTIME140.dll
0x00007fff128f0000 - 0x00007fff1299e000 	C:\windows\System32\ADVAPI32.dll
0x00007fff141a0000 - 0x00007fff14243000 	C:\windows\System32\msvcrt.dll
0x00007fff125a0000 - 0x00007fff1263e000 	C:\windows\System32\sechost.dll
0x00007fff134d0000 - 0x00007fff135f0000 	C:\windows\System32\RPCRT4.dll
0x00007fff12740000 - 0x00007fff128ed000 	C:\windows\System32\USER32.dll
0x00007fff12100000 - 0x00007fff12126000 	C:\windows\System32\win32u.dll
0x00007fff12b40000 - 0x00007fff12b69000 	C:\windows\System32\GDI32.dll
0x00007fff11af0000 - 0x00007fff11c08000 	C:\windows\System32\gdi32full.dll
0x00007ffef2690000 - 0x00007ffef2935000 	C:\windows\WinSxS\amd64_microsoft.windows.common-controls_6595b64144ccf1df_6.0.22000.120_none_9d947278b86cc467\COMCTL32.dll
0x00007fff12260000 - 0x00007fff122fd000 	C:\windows\System32\msvcp_win.dll
0x00007fff09640000 - 0x00007fff0964a000 	C:\windows\SYSTEM32\VERSION.dll
0x00007fff12560000 - 0x00007fff12591000 	C:\windows\System32\IMM32.DLL
0x00007ffef1e50000 - 0x00007ffef1e5c000 	C:\Program Files\Java\jdk-18\bin\vcruntime140_1.dll
0x00007ffeca7e0000 - 0x00007ffeca86d000 	C:\Program Files\Java\jdk-18\bin\msvcp140.dll
0x00007ffeb4ff0000 - 0x00007ffeb5c01000 	C:\Program Files\Java\jdk-18\bin\server\jvm.dll
0x00007fff12ba0000 - 0x00007fff12ba8000 	C:\windows\System32\PSAPI.DLL
0x00007ffeecc50000 - 0x00007ffeecc59000 	C:\windows\SYSTEM32\WSOCK32.dll
0x00007fff08bc0000 - 0x00007fff08bf3000 	C:\windows\SYSTEM32\WINMM.dll
0x00007fff14570000 - 0x00007fff145df000 	C:\windows\System32\WS2_32.dll
0x00007fff10c60000 - 0x00007fff10c78000 	C:\windows\SYSTEM32\kernel.appcore.dll
0x00007ffef1420000 - 0x00007ffef142a000 	C:\Program Files\Java\jdk-18\bin\jimage.dll
0x00007fff0f540000 - 0x00007fff0f761000 	C:\windows\SYSTEM32\DBGHELP.DLL
0x00007ffeec310000 - 0x00007ffeec341000 	C:\windows\SYSTEM32\dbgcore.DLL
0x00007fff12420000 - 0x00007fff1249f000 	C:\windows\System32\bcryptPrimitives.dll
0x00007ffece5d0000 - 0x00007ffece5f5000 	C:\Program Files\Java\jdk-18\bin\java.dll
0x00007ffeb4f10000 - 0x00007ffeb4fe6000 	C:\Program Files\Java\jdk-18\bin\jsvml.dll
0x00007fff139d0000 - 0x00007fff14195000 	C:\windows\System32\SHELL32.dll
0x00007fff0fb70000 - 0x00007fff103d5000 	C:\windows\SYSTEM32\windows.storage.dll
0x00007fff13650000 - 0x00007fff139c6000 	C:\windows\System32\combase.dll
0x00007fff0fa00000 - 0x00007fff0fb66000 	C:\windows\SYSTEM32\wintypes.dll
0x00007fff130d0000 - 0x00007fff131ba000 	C:\windows\System32\SHCORE.dll
0x00007fff135f0000 - 0x00007fff1364d000 	C:\windows\System32\shlwapi.dll
0x00007fff11a20000 - 0x00007fff11a41000 	C:\windows\SYSTEM32\profapi.dll
0x00007ffed8fb0000 - 0x00007ffed8fc3000 	C:\Program Files\Java\jdk-18\bin\net.dll
0x00007fff0ac70000 - 0x00007fff0ad82000 	C:\windows\SYSTEM32\WINHTTP.dll
0x00007fff11100000 - 0x00007fff11167000 	C:\windows\system32\mswsock.dll
0x00007ffed4ae0000 - 0x00007ffed4af6000 	C:\Program Files\Java\jdk-18\bin\nio.dll

dbghelp: loaded successfully - version: 4.0.5 - missing functions: none
symbol engine: initialized successfully - sym options: 0x614 - pdb path: .;C:\Program Files\Java\jdk-18\bin;C:\windows\SYSTEM32;C:\windows\WinSxS\amd64_microsoft.windows.common-controls_6595b64144ccf1df_6.0.22000.120_none_9d947278b86cc467;C:\Program Files\Java\jdk-18\bin\server

VM Arguments:
jvm_args: -Dapplication.home=C:\Program Files\Java\jdk-18 --add-modules=ALL-DEFAULT -Xms8m -Djdk.module.main=jdk.compiler 
java_command: jdk.compiler/com.sun.tools.javac.Main MySwingApp.java
java_class_path (initial): <not set>
Launcher Type: SUN_STANDARD

[Global flags]
     intx CICompilerCount                          = 4                                         {product} {ergonomic}
     uint ConcGCThreads                            = 2                                         {product} {ergonomic}
     uint G1ConcRefinementThreads                  = 8                                         {product} {ergonomic}
   size_t G1HeapRegionSize                         = 1048576                                   {product} {ergonomic}
    uintx GCDrainStackTargetSize                   = 64                                        {product} {ergonomic}
   size_t InitialHeapSize                          = 8388608                                   {product} {command line}
   size_t MarkStackSize                            = 4194304                                   {product} {ergonomic}
   size_t MaxHeapSize                              = 2086666240                                {product} {ergonomic}
   size_t MaxNewSize                               = 1251999744                                {product} {ergonomic}
   size_t MinHeapDeltaBytes                        = 1048576                                   {product} {ergonomic}
   size_t MinHeapSize                              = 8388608                                   {product} {command line}
    uintx NonNMethodCodeHeapSize                   = 5839372                                {pd product} {ergonomic}
    uintx NonProfiledCodeHeapSize                  = 122909434                              {pd product} {ergonomic}
    uintx ProfiledCodeHeapSize                     = 122909434                              {pd product} {ergonomic}
    uintx ReservedCodeCacheSize                    = 251658240                              {pd product} {ergonomic}
     bool SegmentedCodeCache                       = true                                      {product} {ergonomic}
   size_t SoftMaxHeapSize                          = 2086666240                             {manageable} {ergonomic}
     bool UseCompressedClassPointers               = true                           {product lp64_product} {ergonomic}
     bool UseCompressedOops                        = true                           {product lp64_product} {ergonomic}
     bool UseG1GC                                  = true                                      {product} {ergonomic}
     bool UseLargePagesIndividualAllocation        = false                                  {pd product} {ergonomic}

Logging:
Log output configuration:
 #0: stdout all=warning uptime,level,tags foldmultilines=false
 #1: stderr all=off uptime,level,tags foldmultilines=false

Environment Variables:
PATH=C:\Program Files\PowerShell\7;C:\Python311\Scripts\;C:\Python311\;C:\Program Files\Common Files\Oracle\Java\javapath;C:\windows\system32;C:\windows;C:\windows\System32\Wbem;C:\windows\System32\WindowsPowerShell\v1.0\;C:\windows\System32\OpenSSH\;C:\Program Files\Java\jdk-18\bin;C:\Program Files\dotnet\;C:\Program Files\Git\cmd;C:\Program Files\PowerShell\7\;C:\Program Files\nodejs\;C:\ProgramData\chocolatey\bin;C:\Users\91990\AppData\Local\Programs\Python\Python310\Scripts\;C:\Users\91990\AppData\Local\Programs\Python\Python310\;C:\Users\91990\AppData\Local\Microsoft\WindowsApps;C:\MinGW\bin;D:\Microsoft VS Code\bin;C:\Users\91990\AppData\Roaming\npm
USERNAME=91990
LANG=en_US.UTF-8
OS=Windows_NT
PROCESSOR_IDENTIFIER=Intel64 Family 6 Model 140 Stepping 2, GenuineIntel



---------------  S Y S T E M  ---------------

OS:
 Windows 11 , 64 bit Build 22000 (10.0.22000.1516)
OS uptime: 26 days 9:36 hours
Hyper-V role detected

CPU: total 8 (initial active 8) (4 cores per cpu, 2 threads per core) family 6 model 140 stepping 2 microcode 0x22, cx8, cmov, fxsr, ht, mmx, 3dnowpref, sse, sse2, sse3, ssse3, sse4.1, sse4.2, popcnt, lzcnt, tsc, tscinvbit, avx, avx2, aes, erms, clmul, bmi1, bmi2, adx, avx512f, avx512dq, avx512cd, avx512bw, avx512vl, sha, fma, vzeroupper, avx512_vpopcntdq, avx512_vpclmulqdq, avx512_vaes, avx512_vnni, clflush, clflushopt, clwb, avx512_vbmi2, avx512_vbmi, hv

Memory: 4k page, system-wide physical 7959M (852M free)
TotalPageFile size 27178M (AvailPageFile size 7M)
current process WorkingSet (physical memory assigned to process): 67M, peak: 67M
current process commit charge ("private bytes"): 105M, peak: 114M

vm_info: Java HotSpot(TM) 64-Bit Server VM (18+36-2087) for windows-amd64 JRE (18+36-2087), built on Feb 15 2022 09:43:11 by "mach5one" with MS VC++ 16.8 / 16.9 (VS2019)

END.
