#
# There is insufficient memory for the Java Runtime Environment to continue.
# Native memory allocation (mmap) failed to map 65536 bytes for Failed to commit metaspace.
# Possible reasons:
#   The system is out of physical RAM or swap space
#   The process is running with CompressedOops enabled, and the Java Heap may be blocking the growth of the native heap
# Possible solutions:
#   Reduce memory load on the system
#   Increase physical memory or swap space
#   Check if swap backing store is full
#   Decrease Java heap size (-Xmx/-Xms)
#   Decrease number of Java threads
#   Decrease Java thread stack sizes (-Xss)
#   Set larger code cache with -XX:ReservedCodeCacheSize=
#   JVM is running with Unscaled Compressed Oops mode in which the Java heap is
#     placed in the first 4GB address space. The Java Heap base address is the
#     maximum limit for the native heap growth. Please use -XX:HeapBaseMinAddress
#     to set the Java Heap base and to place the Java Heap above 4GB virtual address.
# This output file may be truncated or incomplete.
#
#  Out of Memory Error (virtualSpaceNode.cpp:110), pid=2036, tid=8392
#
# JRE version: OpenJDK Runtime Environment Temurin-17.0.7+7 (17.0.7+7) (build 17.0.7+7)
# Java VM: OpenJDK 64-Bit Server VM Temurin-17.0.7+7 (17.0.7+7, mixed mode, tiered, compressed oops, compressed class ptrs, parallel gc, windows-amd64)
# No core dump will be written. Minidumps are not enabled by default on client versions of Windows
#

---------------  S U M M A R Y ------------

Command Line: --add-modules=ALL-SYSTEM --add-opens=java.base/java.util=ALL-UNNAMED --add-opens=java.base/java.lang=ALL-UNNAMED --add-opens=java.base/sun.nio.fs=ALL-UNNAMED -Declipse.application=org.eclipse.jdt.ls.core.id1 -Dosgi.bundles.defaultStartLevel=4 -Declipse.product=org.eclipse.jdt.ls.core.product -Djava.import.generatesMetadataFilesAtProjectRoot=false -Dfile.encoding=utf8 -XX:+UseParallelGC -XX:GCTimeRatio=4 -XX:AdaptiveSizePolicyWeight=90 -Dsun.zip.disableMemoryMapping=true -Xmx1G -Xms100m -Xlog:disable -javaagent:c:\Users\91990\.vscode\extensions\redhat.java-1.18.0-win32-x64\lombok\lombok-1.18.27.jar c:\Users\91990\.vscode\extensions\redhat.java-1.18.0-win32-x64\server\plugins\org.eclipse.equinox.launcher_1.6.400.v20210924-0641.jar -configuration c:\Users\91990\AppData\Roaming\Code\User\globalStorage\redhat.java\1.18.0\config_ss_win -data c:\Users\91990\AppData\Roaming\Code\User\workspaceStorage\7c9bd1307bccc8df15c5138a93fb64b3\redhat.java\ss_ws

Host: 11th Gen Intel(R) Core(TM) i5-1155G7 @ 2.50GHz, 8 cores, 7G,  Windows 11 , 64 bit Build 22000 (10.0.22000.1516)
Time: Thu May  4 22:44:47 2023 India Standard Time elapsed time: 2.079096 seconds (0d 0h 0m 2s)

---------------  T H R E A D  ---------------

Current thread (0x00000206dd11bfe0):  JavaThread "Start Level: Equinox Container: 72369c62-e2ac-4125-a659-2f46ca1b3b45" daemon [_thread_in_vm, id=8392, stack(0x000000d91df00000,0x000000d91e000000)]

Stack: [0x000000d91df00000,0x000000d91e000000]
Native frames: (J=compiled Java code, j=interpreted, Vv=VM code, C=native code)
V  [jvm.dll+0x67754a]
V  [jvm.dll+0x834304]
V  [jvm.dll+0x835aae]
V  [jvm.dll+0x836113]
V  [jvm.dll+0x24696f]
V  [jvm.dll+0x83039b]
V  [jvm.dll+0x61c006]
V  [jvm.dll+0x1c169e]
V  [jvm.dll+0x61e961]
V  [jvm.dll+0x61c9a6]
V  [jvm.dll+0x23aeff]
V  [jvm.dll+0x626845]
V  [jvm.dll+0x1eb47b]
V  [jvm.dll+0x1eb9b5]
V  [jvm.dll+0x1ec3ef]
V  [jvm.dll+0x1e1891]
V  [jvm.dll+0x53ea50]
V  [jvm.dll+0x7afc28]
V  [jvm.dll+0x7afd14]
V  [jvm.dll+0x40de05]
V  [jvm.dll+0x413f58]
C  [java.dll+0x17ec]

Java frames: (J=compiled Java code, j=interpreted, Vv=VM code)
J 1066  java.lang.ClassLoader.defineClass1(Ljava/lang/ClassLoader;Ljava/lang/String;[BIILjava/security/ProtectionDomain;Ljava/lang/String;)Ljava/lang/Class; java.base@17.0.7 (0 bytes) @ 0x00000206cc67155b [0x00000206cc6714a0+0x00000000000000bb]
J 1641 c1 java.lang.ClassLoader.defineClass(Ljava/lang/String;[BIILjava/security/ProtectionDomain;)Ljava/lang/Class; java.base@17.0.7 (43 bytes) @ 0x00000206c4e2ead4 [0x00000206c4e2e780+0x0000000000000354]
j  org.eclipse.osgi.internal.loader.ModuleClassLoader.defineClass(Ljava/lang/String;[BLorg/eclipse/osgi/internal/loader/classpath/ClasspathEntry;)Lorg/eclipse/osgi/internal/loader/ModuleClassLoader$DefineClassResult;+42
J 1709 c1 org.eclipse.osgi.internal.loader.classpath.ClasspathManager.defineClass(Ljava/lang/String;[BLorg/eclipse/osgi/internal/loader/classpath/ClasspathEntry;Lorg/eclipse/osgi/storage/bundlefile/BundleEntry;Ljava/util/List;)Ljava/lang/Class; (636 bytes) @ 0x00000206c4e5e6c4 [0x00000206c4e5cce0+0x00000000000019e4]
J 1921 c1 org.eclipse.osgi.internal.loader.classpath.ClasspathManager.findClassImpl(Ljava/lang/String;Lorg/eclipse/osgi/internal/loader/classpath/ClasspathEntry;Ljava/util/List;)Ljava/lang/Class; (308 bytes) @ 0x00000206c4ed39f4 [0x00000206c4ed0c40+0x0000000000002db4]
J 1923 c1 org.eclipse.osgi.internal.loader.classpath.ClasspathManager.findLocalClassImpl(Ljava/lang/String;[Lorg/eclipse/osgi/internal/loader/classpath/ClasspathEntry;Ljava/util/List;)Ljava/lang/Class; (55 bytes) @ 0x00000206c4ed92cc [0x00000206c4ed9140+0x000000000000018c]
J 1688 c1 org.eclipse.osgi.internal.loader.classpath.ClasspathManager.findLocalClassImpl(Ljava/lang/String;Ljava/util/List;)Ljava/lang/Class; (132 bytes) @ 0x00000206c4e530d4 [0x00000206c4e52bc0+0x0000000000000514]
J 1788 c1 org.eclipse.osgi.internal.loader.classpath.ClasspathManager.findLocalClass(Ljava/lang/String;)Ljava/lang/Class; (210 bytes) @ 0x00000206c4e8143c [0x00000206c4e807a0+0x0000000000000c9c]
J 1679 c1 org.eclipse.osgi.internal.loader.BundleLoader.findLocalClass(Ljava/lang/String;)Ljava/lang/Class; (152 bytes) @ 0x00000206c4e4876c [0x00000206c4e47f20+0x000000000000084c]
J 1609 c1 org.eclipse.osgi.internal.loader.BundleLoader.findClass0(Ljava/lang/String;ZZ)Ljava/lang/Class; (466 bytes) @ 0x00000206c4e1f514 [0x00000206c4e1ce20+0x00000000000026f4]
J 1608 c1 org.eclipse.osgi.internal.loader.BundleLoader.findClass(Ljava/lang/String;)Ljava/lang/Class; (8 bytes) @ 0x00000206c4e1c51c [0x00000206c4e1c4a0+0x000000000000007c]
J 1610 c1 org.eclipse.osgi.internal.loader.ModuleClassLoader.loadClass(Ljava/lang/String;Z)Ljava/lang/Class; (36 bytes) @ 0x00000206c4e2253c [0x00000206c4e22320+0x000000000000021c]
J 806 c1 java.lang.ClassLoader.loadClass(Ljava/lang/String;)Ljava/lang/Class; java.base@17.0.7 (7 bytes) @ 0x00000206c4c854bc [0x00000206c4c853c0+0x00000000000000fc]
v  ~StubRoutines::call_stub
j  org.eclipse.core.runtime.Plugin.getPluginPreferences()Lorg/eclipse/core/runtime/Preferences;+78
j  org.eclipse.core.internal.resources.WorkspacePreferences.<init>()V+10
j  org.eclipse.core.internal.resources.Workspace.open(Lorg/eclipse/core/runtime/IProgressMonitor;)Lorg/eclipse/core/runtime/IStatus;+85
j  org.eclipse.core.resources.ResourcesPlugin$WorkspaceInitCustomizer.addingService(Lorg/osgi/framework/ServiceReference;)Lorg/eclipse/core/internal/resources/Workspace;+45
j  org.eclipse.core.resources.ResourcesPlugin$WorkspaceInitCustomizer.addingService(Lorg/osgi/framework/ServiceReference;)Ljava/lang/Object;+5
j  org.osgi.util.tracker.ServiceTracker$Tracked.customizerAdding(Lorg/osgi/framework/ServiceReference;Lorg/osgi/framework/ServiceEvent;)Ljava/lang/Object;+8
j  org.osgi.util.tracker.ServiceTracker$Tracked.customizerAdding(Ljava/lang/Object;Ljava/lang/Object;)Ljava/lang/Object;+9
j  org.osgi.util.tracker.AbstractTracked.trackAdding(Ljava/lang/Object;Ljava/lang/Object;)V+8
j  org.osgi.util.tracker.AbstractTracked.trackInitial()V+90
j  org.osgi.util.tracker.ServiceTracker.open(Z)V+198
j  org.osgi.util.tracker.ServiceTracker.open()V+2
j  org.eclipse.core.resources.ResourcesPlugin.start(Lorg/osgi/framework/BundleContext;)V+106
j  org.eclipse.osgi.internal.framework.BundleContextImpl$2.run()Ljava/lang/Void;+23
j  org.eclipse.osgi.internal.framework.BundleContextImpl$2.run()Ljava/lang/Object;+1
j  java.security.AccessController.executePrivileged(Ljava/security/PrivilegedExceptionAction;Ljava/security/AccessControlContext;Ljava/lang/Class;)Ljava/lang/Object;+29 java.base@17.0.7
j  java.security.AccessController.doPrivileged(Ljava/security/PrivilegedExceptionAction;)Ljava/lang/Object;+9 java.base@17.0.7
j  org.eclipse.osgi.internal.framework.BundleContextImpl.startActivator(Lorg/osgi/framework/BundleActivator;)V+9
j  org.eclipse.osgi.internal.framework.BundleContextImpl.start()V+134
j  org.eclipse.osgi.internal.framework.EquinoxBundle.startWorker0()V+35
j  org.eclipse.osgi.internal.framework.EquinoxBundle$EquinoxModule.startWorker()V+4
j  org.eclipse.osgi.container.Module.doStart([Lorg/eclipse/osgi/container/Module$StartOptions;)Lorg/eclipse/osgi/container/ModuleContainerAdaptor$ModuleEvent;+190
j  org.eclipse.osgi.container.Module.start([Lorg/eclipse/osgi/container/Module$StartOptions;)V+460
j  org.eclipse.osgi.framework.util.SecureAction.start(Lorg/eclipse/osgi/container/Module;[Lorg/eclipse/osgi/container/Module$StartOptions;)V+8
J 1681 c1 org.eclipse.osgi.internal.hooks.EclipseLazyStarter.postFindLocalClass(Ljava/lang/String;Ljava/lang/Class;Lorg/eclipse/osgi/internal/loader/classpath/ClasspathManager;)V (394 bytes) @ 0x00000206c4e4b6dc [0x00000206c4e4a760+0x0000000000000f7c]
J 1788 c1 org.eclipse.osgi.internal.loader.classpath.ClasspathManager.findLocalClass(Ljava/lang/String;)Ljava/lang/Class; (210 bytes) @ 0x00000206c4e81754 [0x00000206c4e807a0+0x0000000000000fb4]
J 1679 c1 org.eclipse.osgi.internal.loader.BundleLoader.findLocalClass(Ljava/lang/String;)Ljava/lang/Class; (152 bytes) @ 0x00000206c4e4876c [0x00000206c4e47f20+0x000000000000084c]
J 1609 c1 org.eclipse.osgi.internal.loader.BundleLoader.findClass0(Ljava/lang/String;ZZ)Ljava/lang/Class; (466 bytes) @ 0x00000206c4e1f514 [0x00000206c4e1ce20+0x00000000000026f4]
J 1608 c1 org.eclipse.osgi.internal.loader.BundleLoader.findClass(Ljava/lang/String;)Ljava/lang/Class; (8 bytes) @ 0x00000206c4e1c51c [0x00000206c4e1c4a0+0x000000000000007c]
J 1610 c1 org.eclipse.osgi.internal.loader.ModuleClassLoader.loadClass(Ljava/lang/String;Z)Ljava/lang/Class; (36 bytes) @ 0x00000206c4e2253c [0x00000206c4e22320+0x000000000000021c]
J 806 c1 java.lang.ClassLoader.loadClass(Ljava/lang/String;)Ljava/lang/Class; java.base@17.0.7 (7 bytes) @ 0x00000206c4c854bc [0x00000206c4c853c0+0x00000000000000fc]
v  ~StubRoutines::call_stub
j  java.lang.Class.getDeclaredConstructors0(Z)[Ljava/lang/reflect/Constructor;+0 java.base@17.0.7
j  java.lang.Class.privateGetDeclaredConstructors(Z)[Ljava/lang/reflect/Constructor;+52 java.base@17.0.7
j  java.lang.Class.getConstructor0([Ljava/lang/Class;I)Ljava/lang/reflect/Constructor;+14 java.base@17.0.7
j  java.lang.Class.getConstructor([Ljava/lang/Class;)Ljava/lang/reflect/Constructor;+24 java.base@17.0.7
j  org.eclipse.osgi.internal.framework.BundleContextImpl.loadBundleActivator()Lorg/osgi/framework/BundleActivator;+105
j  org.eclipse.osgi.internal.framework.BundleContextImpl.start()V+18
j  org.eclipse.osgi.internal.framework.EquinoxBundle.startWorker0()V+35
j  org.eclipse.osgi.internal.framework.EquinoxBundle$EquinoxModule.startWorker()V+4
j  org.eclipse.osgi.container.Module.doStart([Lorg/eclipse/osgi/container/Module$StartOptions;)Lorg/eclipse/osgi/container/ModuleContainerAdaptor$ModuleEvent;+190
j  org.eclipse.osgi.container.Module.start([Lorg/eclipse/osgi/container/Module$StartOptions;)V+460
j  org.eclipse.osgi.container.ModuleContainer$ContainerStartLevel$2.run()V+71
j  org.eclipse.osgi.internal.framework.EquinoxContainerAdaptor$1$1.execute(Ljava/lang/Runnable;)V+1
j  org.eclipse.osgi.container.ModuleContainer$ContainerStartLevel.incStartLevel(ILjava/util/List;Z)V+192
j  org.eclipse.osgi.container.ModuleContainer$ContainerStartLevel.incStartLevel(ILjava/util/List;Ljava/util/List;Ljava/util/List;Ljava/util/List;)V+19
j  org.eclipse.osgi.container.ModuleContainer$ContainerStartLevel.doContainerStartLevel(Lorg/eclipse/osgi/container/Module;I[Lorg/osgi/framework/FrameworkListener;)V+349
j  org.eclipse.osgi.container.ModuleContainer$ContainerStartLevel.dispatchEvent(Lorg/eclipse/osgi/container/Module;[Lorg/osgi/framework/FrameworkListener;ILjava/lang/Integer;)V+32
j  org.eclipse.osgi.container.ModuleContainer$ContainerStartLevel.dispatchEvent(Ljava/lang/Object;Ljava/lang/Object;ILjava/lang/Object;)V+15
j  org.eclipse.osgi.framework.eventmgr.EventManager.dispatchEvent(Ljava/util/Set;Lorg/eclipse/osgi/framework/eventmgr/EventDispatcher;ILjava/lang/Object;)V+48
j  org.eclipse.osgi.framework.eventmgr.EventManager$EventThread.run()V+26
v  ~StubRoutines::call_stub

---------------  P R O C E S S  ---------------

Threads class SMR info:
_java_thread_list=0x00000206dd28c110, length=18, elements={
0x00000206c06d0630, 0x00000206db795ee0, 0x00000206db796a20, 0x00000206db7b78a0,
0x00000206db7ba170, 0x00000206db7bcb30, 0x00000206db7be420, 0x00000206db7c5a00,
0x00000206db7c8860, 0x00000206db7d15f0, 0x00000206c078e330, 0x00000206dbad5c70,
0x00000206dd1466d0, 0x00000206dd224fd0, 0x00000206dd11bfe0, 0x00000206dd491820,
0x00000206dd2c21e0, 0x00000206dd3bfe70
}

Java Threads: ( => current thread )
  0x00000206c06d0630 JavaThread "main" [_thread_blocked, id=22256, stack(0x000000d91c600000,0x000000d91c700000)]
  0x00000206db795ee0 JavaThread "Reference Handler" daemon [_thread_blocked, id=20556, stack(0x000000d91c900000,0x000000d91ca00000)]
  0x00000206db796a20 JavaThread "Finalizer" daemon [_thread_blocked, id=50000, stack(0x000000d91ca00000,0x000000d91cb00000)]
  0x00000206db7b78a0 JavaThread "Signal Dispatcher" daemon [_thread_blocked, id=48876, stack(0x000000d91cc00000,0x000000d91cd00000)]
  0x00000206db7ba170 JavaThread "Attach Listener" daemon [_thread_blocked, id=3600, stack(0x000000d91cd00000,0x000000d91ce00000)]
  0x00000206db7bcb30 JavaThread "Service Thread" daemon [_thread_blocked, id=12376, stack(0x000000d91ce00000,0x000000d91cf00000)]
  0x00000206db7be420 JavaThread "Monitor Deflation Thread" daemon [_thread_blocked, id=45508, stack(0x000000d91cf00000,0x000000d91d000000)]
  0x00000206db7c5a00 JavaThread "C2 CompilerThread0" daemon [_thread_blocked, id=24296, stack(0x000000d91d000000,0x000000d91d100000)]
  0x00000206db7c8860 JavaThread "C1 CompilerThread0" daemon [_thread_blocked, id=24920, stack(0x000000d91d100000,0x000000d91d200000)]
  0x00000206db7d15f0 JavaThread "Sweeper thread" daemon [_thread_blocked, id=9104, stack(0x000000d91d200000,0x000000d91d300000)]
  0x00000206c078e330 JavaThread "Common-Cleaner" daemon [_thread_blocked, id=48908, stack(0x000000d91d300000,0x000000d91d400000)]
  0x00000206dbad5c70 JavaThread "Notification Thread" daemon [_thread_blocked, id=22996, stack(0x000000d91d500000,0x000000d91d600000)]
  0x00000206dd1466d0 JavaThread "Active Thread: Equinox Container: 72369c62-e2ac-4125-a659-2f46ca1b3b45" [_thread_blocked, id=48056, stack(0x000000d91d700000,0x000000d91d800000)]
  0x00000206dd224fd0 JavaThread "Framework Event Dispatcher: Equinox Container: 72369c62-e2ac-4125-a659-2f46ca1b3b45" daemon [_thread_blocked, id=34148, stack(0x000000d91de00000,0x000000d91df00000)]
=>0x00000206dd11bfe0 JavaThread "Start Level: Equinox Container: 72369c62-e2ac-4125-a659-2f46ca1b3b45" daemon [_thread_in_vm, id=8392, stack(0x000000d91df00000,0x000000d91e000000)]
  0x00000206dd491820 JavaThread "SCR Component Actor" daemon [_thread_blocked, id=48260, stack(0x000000d91e000000,0x000000d91e100000)]
  0x00000206dd2c21e0 JavaThread "SCR Component Registry" daemon [_thread_blocked, id=20092, stack(0x000000d91e200000,0x000000d91e300000)]
  0x00000206dd3bfe70 JavaThread "Worker-JM" [_thread_blocked, id=42560, stack(0x000000d91d400000,0x000000d91d500000)]

Other Threads:
  0x00000206d6375e40 VMThread "VM Thread" [stack: 0x000000d91c800000,0x000000d91c900000] [id=32244]
  0x00000206dbad6140 WatcherThread [stack: 0x000000d91d600000,0x000000d91d700000] [id=46820]
  0x00000206c06e6f60 GCTaskThread "GC Thread#0" [stack: 0x000000d91c700000,0x000000d91c800000] [id=26212]
  0x00000206dc95d2c0 GCTaskThread "GC Thread#1" [stack: 0x000000d91d800000,0x000000d91d900000] [id=4128]
  0x00000206dce79de0 GCTaskThread "GC Thread#2" [stack: 0x000000d91d900000,0x000000d91da00000] [id=19684]
  0x00000206dce7a090 GCTaskThread "GC Thread#3" [stack: 0x000000d91da00000,0x000000d91db00000] [id=40932]
  0x00000206dce5de90 GCTaskThread "GC Thread#4" [stack: 0x000000d91db00000,0x000000d91dc00000] [id=28060]
  0x00000206dce5e140 GCTaskThread "GC Thread#5" [stack: 0x000000d91dc00000,0x000000d91dd00000] [id=8408]
  0x00000206dcb10370 GCTaskThread "GC Thread#6" [stack: 0x000000d91dd00000,0x000000d91de00000] [id=16348]
  0x00000206c062b990 GCTaskThread "GC Thread#7" [stack: 0x000000d91e100000,0x000000d91e200000] [id=20012]

Threads with active compile tasks:

VM state: not at safepoint (normal execution)

VM Mutex/Monitor currently owned by a thread:  ([mutex/lock_event])
[0x00000206c06caff0] Metaspace_lock - owner thread: 0x00000206dd11bfe0

Heap address: 0x00000000c0000000, size: 1024 MB, Compressed Oops mode: 32-bit

CDS archive(s) not mapped
Compressed class space mapped at: 0x0000000100000000-0x0000000140000000, reserved size: 1073741824
Narrow klass base: 0x0000000000000000, Narrow klass shift: 3, Narrow klass range: 0x140000000

GC Precious Log:
 CPUs: 8 total, 8 available
 Memory: 7959M
 Large Page Support: Disabled
 NUMA Support: Disabled
 Compressed Oops: Enabled (32-bit)
 Alignments: Space 512K, Generation 512K, Heap 2M
 Heap Min Capacity: 100M
 Heap Initial Capacity: 100M
 Heap Max Capacity: 1G
 Pre-touch: Disabled
 Parallel Workers: 8

Heap:
 PSYoungGen      total 29696K, used 24823K [0x00000000eab00000, 0x00000000ecc00000, 0x0000000100000000)
  eden space 25600K, 81% used [0x00000000eab00000,0x00000000ebf425c0,0x00000000ec400000)
  from space 4096K, 99% used [0x00000000ec800000,0x00000000ecbfb8c8,0x00000000ecc00000)
  to   space 4096K, 0% used [0x00000000ec400000,0x00000000ec400000,0x00000000ec800000)
 ParOldGen       total 68608K, used 847K [0x00000000c0000000, 0x00000000c4300000, 0x00000000eab00000)
  object space 68608K, 1% used [0x00000000c0000000,0x00000000c00d3ef8,0x00000000c4300000)
 Metaspace       used 19569K, committed 19968K, reserved 1114112K
  class space    used 1991K, committed 2176K, reserved 1048576K

Card table byte_map: [0x00000206d3d20000,0x00000206d3f30000] _byte_map_base: 0x00000206d3720000

Marking Bits: (ParMarkBitMap*) 0x00007ffe98a252c0
 Begin Bits: [0x00000206d4090000, 0x00000206d5090000)
 End Bits:   [0x00000206d5090000, 0x00000206d6090000)

Polling page: 0x00000206c07a0000

Metaspace:

Usage:
  Non-class:     17.17 MB used.
      Class:      1.95 MB used.
       Both:     19.11 MB used.

Virtual space:
  Non-class space:       64.00 MB reserved,      17.38 MB ( 27%) committed,  1 nodes.
      Class space:        1.00 GB reserved,       2.12 MB ( <1%) committed,  1 nodes.
             Both:        1.06 GB reserved,      19.50 MB (  2%) committed. 

Chunk freelists:
   Non-Class:  14.17 MB
       Class:  13.92 MB
        Both:  28.10 MB

MaxMetaspaceSize: unlimited
CompressedClassSpaceSize: 1.00 GB
Initial GC threshold: 21.00 MB
Current GC threshold: 21.00 MB
CDS: off
MetaspaceReclaimPolicy: balanced
 - commit_granule_bytes: 65536.
 - commit_granule_words: 8192.
 - virtual_space_node_default_size: 8388608.
 - enlarge_chunks_in_place: 1.
 - new_chunks_are_fully_committed: 0.
 - uncommit_free_chunks: 1.
 - use_allocation_guard: 0.
 - handle_deallocations: 1.


Internal statistics:

num_allocs_failed_limit: 0.
num_arena_births: 156.
num_arena_deaths: 0.
num_vsnodes_births: 2.
num_vsnodes_deaths: 0.
num_space_committed: 312.
num_space_uncommitted: 0.
num_chunks_returned_to_freelist: 0.
num_chunks_taken_from_freelist: 538.
num_chunk_merges: 0.
num_chunk_splits: 358.
num_chunks_enlarged: 260.
num_inconsistent_stats: 0.

CodeHeap 'non-profiled nmethods': size=120000Kb used=749Kb max_used=749Kb free=119250Kb
 bounds [0x00000206cc610000, 0x00000206cc880000, 0x00000206d3b40000]
CodeHeap 'profiled nmethods': size=120000Kb used=3916Kb max_used=3916Kb free=116083Kb
 bounds [0x00000206c4b40000, 0x00000206c4f20000, 0x00000206cc070000]
CodeHeap 'non-nmethods': size=5760Kb used=1199Kb max_used=1214Kb free=4561Kb
 bounds [0x00000206cc070000, 0x00000206cc2e0000, 0x00000206cc610000]
 total_blobs=2495 nmethods=2008 adapters=401
 compilation: enabled
              stopped_count=0, restarted_count=0
 full_count=0

Compilation events (20 events):
Event: 2.055 Thread 0x00000206db7c5a00 nmethod 2002 0x00000206cc6cad90 code [0x00000206cc6caf20, 0x00000206cc6cb098]
Event: 2.055 Thread 0x00000206db7c5a00 2003       4       jdk.internal.org.objectweb.asm.Symbol::<init> (38 bytes)
Event: 2.056 Thread 0x00000206db7c5a00 nmethod 2003 0x00000206cc6cb210 code [0x00000206cc6cb380, 0x00000206cc6cb438]
Event: 2.056 Thread 0x00000206db7c8860 nmethod 2001 0x00000206c4efb410 code [0x00000206c4efb740, 0x00000206c4efcb18]
Event: 2.056 Thread 0x00000206db7c8860 1997       3       java.lang.invoke.InvokerBytecodeGenerator::emitPushArgument (151 bytes)
Event: 2.057 Thread 0x00000206db7c8860 nmethod 1997 0x00000206c4efd290 code [0x00000206c4efd560, 0x00000206c4efe3e8]
Event: 2.057 Thread 0x00000206db7c8860 2004       3       java.lang.invoke.InvokerBytecodeGenerator::loadInsnOpcode (98 bytes)
Event: 2.057 Thread 0x00000206db7c8860 nmethod 2004 0x00000206c4efe810 code [0x00000206c4efea80, 0x00000206c4eff458]
Event: 2.057 Thread 0x00000206db7c8860 2000       3       jdk.internal.org.objectweb.asm.Type::getTypeInternal (199 bytes)
Event: 2.058 Thread 0x00000206db7c8860 nmethod 2000 0x00000206c4eff790 code [0x00000206c4effa40, 0x00000206c4f00828]
Event: 2.058 Thread 0x00000206db7c8860 2005       3       sun.net.www.protocol.file.Handler::parseURL (18 bytes)
Event: 2.059 Thread 0x00000206db7c8860 nmethod 2005 0x00000206c4f00c90 code [0x00000206c4f00e40, 0x00000206c4f00ff8]
Event: 2.059 Thread 0x00000206db7c8860 2006       3       java.net.URLStreamHandler::parseURL (1201 bytes)
Event: 2.070 Thread 0x00000206db7c8860 nmethod 2006 0x00000206c4f01110 code [0x00000206c4f02240, 0x00000206c4f0c808]
Event: 2.070 Thread 0x00000206db7c8860 2007       3       java.net.URL::getDefaultPort (8 bytes)
Event: 2.070 Thread 0x00000206db7c8860 nmethod 2007 0x00000206c4f10790 code [0x00000206c4f10940, 0x00000206c4f10b08]
Event: 2.070 Thread 0x00000206db7c8860 2008       3       java.net.URI$Parser::<init> (30 bytes)
Event: 2.070 Thread 0x00000206db7c8860 nmethod 2008 0x00000206c4f10c10 code [0x00000206c4f10da0, 0x00000206c4f10f58]
Event: 2.074 Thread 0x00000206db7c8860 2009   !   3       jdk.internal.loader.BuiltinClassLoader::findResource (154 bytes)
Event: 2.075 Thread 0x00000206db7c8860 nmethod 2009 0x00000206c4f11090 code [0x00000206c4f11400, 0x00000206c4f12848]

GC Heap History (4 events):
Event: 1.011 GC heap before
{Heap before GC invocations=1 (full 0):
 PSYoungGen      total 29696K, used 25600K [0x00000000eab00000, 0x00000000ecc00000, 0x0000000100000000)
  eden space 25600K, 100% used [0x00000000eab00000,0x00000000ec400000,0x00000000ec400000)
  from space 4096K, 0% used [0x00000000ec800000,0x00000000ec800000,0x00000000ecc00000)
  to   space 4096K, 0% used [0x00000000ec400000,0x00000000ec400000,0x00000000ec800000)
 ParOldGen       total 68608K, used 0K [0x00000000c0000000, 0x00000000c4300000, 0x00000000eab00000)
  object space 68608K, 0% used [0x00000000c0000000,0x00000000c0000000,0x00000000c4300000)
 Metaspace       used 11212K, committed 11392K, reserved 1114112K
  class space    used 1124K, committed 1216K, reserved 1048576K
}
Event: 1.018 GC heap after
{Heap after GC invocations=1 (full 0):
 PSYoungGen      total 29696K, used 3224K [0x00000000eab00000, 0x00000000ecc00000, 0x0000000100000000)
  eden space 25600K, 0% used [0x00000000eab00000,0x00000000eab00000,0x00000000ec400000)
  from space 4096K, 78% used [0x00000000ec400000,0x00000000ec7263b8,0x00000000ec800000)
  to   space 4096K, 0% used [0x00000000ec800000,0x00000000ec800000,0x00000000ecc00000)
 ParOldGen       total 68608K, used 16K [0x00000000c0000000, 0x00000000c4300000, 0x00000000eab00000)
  object space 68608K, 0% used [0x00000000c0000000,0x00000000c0004000,0x00000000c4300000)
 Metaspace       used 11212K, committed 11392K, reserved 1114112K
  class space    used 1124K, committed 1216K, reserved 1048576K
}
Event: 1.468 GC heap before
{Heap before GC invocations=2 (full 0):
 PSYoungGen      total 29696K, used 28824K [0x00000000eab00000, 0x00000000ecc00000, 0x0000000100000000)
  eden space 25600K, 100% used [0x00000000eab00000,0x00000000ec400000,0x00000000ec400000)
  from space 4096K, 78% used [0x00000000ec400000,0x00000000ec7263b8,0x00000000ec800000)
  to   space 4096K, 0% used [0x00000000ec800000,0x00000000ec800000,0x00000000ecc00000)
 ParOldGen       total 68608K, used 16K [0x00000000c0000000, 0x00000000c4300000, 0x00000000eab00000)
  object space 68608K, 0% used [0x00000000c0000000,0x00000000c0004000,0x00000000c4300000)
 Metaspace       used 15460K, committed 15744K, reserved 1114112K
  class space    used 1581K, committed 1728K, reserved 1048576K
}
Event: 1.473 GC heap after
{Heap after GC invocations=2 (full 0):
 PSYoungGen      total 29696K, used 4078K [0x00000000eab00000, 0x00000000ecc00000, 0x0000000100000000)
  eden space 25600K, 0% used [0x00000000eab00000,0x00000000eab00000,0x00000000ec400000)
  from space 4096K, 99% used [0x00000000ec800000,0x00000000ecbfb8c8,0x00000000ecc00000)
  to   space 4096K, 0% used [0x00000000ec400000,0x00000000ec400000,0x00000000ec800000)
 ParOldGen       total 68608K, used 847K [0x00000000c0000000, 0x00000000c4300000, 0x00000000eab00000)
  object space 68608K, 1% used [0x00000000c0000000,0x00000000c00d3ef8,0x00000000c4300000)
 Metaspace       used 15460K, committed 15744K, reserved 1114112K
  class space    used 1581K, committed 1728K, reserved 1048576K
}

Dll operation events (9 events):
Event: 0.020 Loaded shared library c:\Users\91990\.vscode\extensions\redhat.java-1.18.0-win32-x64\jre\17.0.7-win32-x86_64\bin\java.dll
Event: 0.240 Loaded shared library c:\Users\91990\.vscode\extensions\redhat.java-1.18.0-win32-x64\jre\17.0.7-win32-x86_64\bin\zip.dll
Event: 0.245 Loaded shared library C:\Users\91990\.vscode\extensions\redhat.java-1.18.0-win32-x64\jre\17.0.7-win32-x86_64\bin\instrument.dll
Event: 0.263 Loaded shared library C:\Users\91990\.vscode\extensions\redhat.java-1.18.0-win32-x64\jre\17.0.7-win32-x86_64\bin\net.dll
Event: 0.266 Loaded shared library C:\Users\91990\.vscode\extensions\redhat.java-1.18.0-win32-x64\jre\17.0.7-win32-x86_64\bin\nio.dll
Event: 0.280 Loaded shared library C:\Users\91990\.vscode\extensions\redhat.java-1.18.0-win32-x64\jre\17.0.7-win32-x86_64\bin\zip.dll
Event: 0.303 Loaded shared library C:\Users\91990\.vscode\extensions\redhat.java-1.18.0-win32-x64\jre\17.0.7-win32-x86_64\bin\jimage.dll
Event: 0.379 Loaded shared library c:\Users\91990\.vscode\extensions\redhat.java-1.18.0-win32-x64\jre\17.0.7-win32-x86_64\bin\verify.dll
Event: 1.345 Loaded shared library C:\Users\91990\AppData\Roaming\Code\User\globalStorage\redhat.java\1.18.0\config_ss_win\org.eclipse.equinox.launcher\org.eclipse.equinox.launcher.win32.win32.x86_64_1.2.700.v20221108-1024\eclipse_11801.dll

Deoptimization events (20 events):
Event: 1.752 Thread 0x00000206dd11bfe0 Uncommon trap: trap_request=0xffffff45 fr.pc=0x00000206cc656f74 relative=0x0000000000000074
Event: 1.752 Thread 0x00000206dd11bfe0 Uncommon trap: reason=unstable_if action=reinterpret pc=0x00000206cc656f74 method=jdk.internal.misc.Unsafe.convEndian(ZJ)J @ 4 c2
Event: 1.752 Thread 0x00000206dd11bfe0 DEOPT PACKING pc=0x00000206cc656f74 sp=0x000000d91dff7540
Event: 1.752 Thread 0x00000206dd11bfe0 DEOPT UNPACKING pc=0x00000206cc0c9ea3 sp=0x000000d91dff7468 mode 2
Event: 1.785 Thread 0x00000206dd11bfe0 Uncommon trap: trap_request=0xffffff45 fr.pc=0x00000206cc626b30 relative=0x0000000000000390
Event: 1.785 Thread 0x00000206dd11bfe0 Uncommon trap: reason=unstable_if action=reinterpret pc=0x00000206cc626b30 method=java.lang.StringLatin1.canEncode(I)Z @ 4 c2
Event: 1.785 Thread 0x00000206dd11bfe0 DEOPT PACKING pc=0x00000206cc626b30 sp=0x000000d91dff8b10
Event: 1.785 Thread 0x00000206dd11bfe0 DEOPT UNPACKING pc=0x00000206cc0c9ea3 sp=0x000000d91dff8a38 mode 2
Event: 1.785 Thread 0x00000206dd11bfe0 Uncommon trap: trap_request=0xffffff45 fr.pc=0x00000206cc649c94 relative=0x0000000000000374
Event: 1.785 Thread 0x00000206dd11bfe0 Uncommon trap: reason=unstable_if action=reinterpret pc=0x00000206cc649c94 method=java.lang.AbstractStringBuilder.isLatin1()Z @ 10 c2
Event: 1.785 Thread 0x00000206dd11bfe0 DEOPT PACKING pc=0x00000206cc649c94 sp=0x000000d91dff8b30
Event: 1.785 Thread 0x00000206dd11bfe0 DEOPT UNPACKING pc=0x00000206cc0c9ea3 sp=0x000000d91dff8ab0 mode 2
Event: 1.791 Thread 0x00000206dd11bfe0 Uncommon trap: trap_request=0xffffff45 fr.pc=0x00000206cc636f48 relative=0x0000000000000048
Event: 1.791 Thread 0x00000206dd11bfe0 Uncommon trap: reason=unstable_if action=reinterpret pc=0x00000206cc636f48 method=java.lang.CharacterData.of(I)Ljava/lang/CharacterData; @ 4 c2
Event: 1.791 Thread 0x00000206dd11bfe0 DEOPT PACKING pc=0x00000206cc636f48 sp=0x000000d91dff82e0
Event: 1.791 Thread 0x00000206dd11bfe0 DEOPT UNPACKING pc=0x00000206cc0c9ea3 sp=0x000000d91dff8278 mode 2
Event: 1.998 Thread 0x00000206dd11bfe0 Uncommon trap: trap_request=0xffffff45 fr.pc=0x00000206cc6464a8 relative=0x0000000000000c08
Event: 1.998 Thread 0x00000206dd11bfe0 Uncommon trap: reason=unstable_if action=reinterpret pc=0x00000206cc6464a8 method=lombok.patcher.PatchScript.classMatches(Ljava/lang/String;Ljava/util/Collection;)Z @ 25 c2
Event: 1.998 Thread 0x00000206dd11bfe0 DEOPT PACKING pc=0x00000206cc6464a8 sp=0x000000d91dff6e60
Event: 1.998 Thread 0x00000206dd11bfe0 DEOPT UNPACKING pc=0x00000206cc0c9ea3 sp=0x000000d91dff6e20 mode 2

Classes unloaded (0 events):
No events

Classes redefined (0 events):
No events

Internal exceptions (20 events):
Event: 0.926 Thread 0x00000206c06d0630 Exception <a 'java/lang/NoSuchMethodError'{0x00000000ec2fb060}: 'void java.lang.invoke.DirectMethodHandle$Holder.invokeStaticInit(java.lang.Object, java.lang.Object)'> (0x00000000ec2fb060) 
thrown [s\src\hotspot\share\interpreter\linkResolver.cpp, line 759]
Event: 0.928 Thread 0x00000206c06d0630 Exception <a 'java/lang/NoSuchMethodError'{0x00000000ec302658}: 'int java.lang.invoke.DirectMethodHandle$Holder.invokeStaticInit(java.lang.Object, java.lang.Object)'> (0x00000000ec302658) 
thrown [s\src\hotspot\share\interpreter\linkResolver.cpp, line 759]
Event: 1.022 Thread 0x00000206c06d0630 Exception <a 'java/lang/NoSuchMethodError'{0x00000000eab2b980}: 'void java.lang.invoke.DirectMethodHandle$Holder.invokeSpecial(java.lang.Object, java.lang.Object, java.lang.Object)'> (0x00000000eab2b980) 
thrown [s\src\hotspot\share\interpreter\linkResolver.cpp, line 759]
Event: 1.218 Thread 0x00000206c06d0630 Exception <a 'java/lang/NoSuchMethodError'{0x00000000eb736a28}: 'java.lang.Object java.lang.invoke.DirectMethodHandle$Holder.newInvokeSpecial(java.lang.Object, int, java.lang.Object)'> (0x00000000eb736a28) 
thrown [s\src\hotspot\share\interpreter\linkResolver.cpp, line 759]
Event: 1.338 Thread 0x00000206c06d0630 Exception <a 'java/lang/UnsatisfiedLinkError'{0x00000000ebc67f90}: 'void org.eclipse.equinox.launcher.JNIBridge._update_splash()'> (0x00000000ebc67f90) 
thrown [s\src\hotspot\share\prims\nativeLookup.cpp, line 543]
Event: 1.387 Thread 0x00000206dd11bfe0 Exception <a 'java/lang/NoSuchMethodError'{0x00000000ebf47b90}: 'java.lang.Object java.lang.invoke.DirectMethodHandle$Holder.invokeStaticInit(java.lang.Object)'> (0x00000000ebf47b90) 
thrown [s\src\hotspot\share\interpreter\linkResolver.cpp, line 759]
Event: 1.623 Thread 0x00000206dd11bfe0 Exception <a 'java/io/FileNotFoundException'{0x00000000eb232bd0}> (0x00000000eb232bd0) 
thrown [s\src\hotspot\share\prims\jni.cpp, line 516]
Event: 1.631 Thread 0x00000206dd11bfe0 Exception <a 'java/lang/NullPointerException'{0x00000000eb284ad8}> (0x00000000eb284ad8) 
thrown [s\src\hotspot\share\interpreter\linkResolver.cpp, line 1350]
Event: 1.631 Thread 0x00000206dd11bfe0 Exception <a 'java/lang/NullPointerException'{0x00000000eb285300}> (0x00000000eb285300) 
thrown [s\src\hotspot\share\interpreter\linkResolver.cpp, line 1350]
Event: 1.657 Thread 0x00000206dd11bfe0 Exception <a 'java/lang/NoSuchMethodError'{0x00000000eb3aa498}: 'java.lang.Object java.lang.invoke.Invokers$Holder.invokeExact_MT(java.lang.Object, java.lang.Object, java.lang.Object, java.lang.Object, java.lang.Object, java.lang.Object)'> (0x00000000eb3aa498) 
thrown [s\src\hotspot\share\interpreter\linkResolver.cpp, line 759]
Event: 1.842 Thread 0x00000206dd11bfe0 Exception <a 'java/lang/NoSuchMethodError'{0x00000000eb9fee18}: 'void java.lang.invoke.DirectMethodHandle$Holder.invokeInterface(java.lang.Object, java.lang.Object, java.lang.Object)'> (0x00000000eb9fee18) 
thrown [s\src\hotspot\share\interpreter\linkResolver.cpp, line 759]
Event: 2.049 Thread 0x00000206dd11bfe0 Exception <a 'java/lang/NoSuchMethodError'{0x00000000ebe000c8}: 'java.lang.Object java.lang.invoke.DirectMethodHandle$Holder.invokeStatic(java.lang.Object, java.lang.Object, int)'> (0x00000000ebe000c8) 
thrown [s\src\hotspot\share\interpreter\linkResolver.cpp, line 759]
Event: 2.049 Thread 0x00000206dd11bfe0 Exception <a 'java/lang/NoSuchMethodError'{0x00000000ebe04c78}: 'void java.lang.invoke.DirectMethodHandle$Holder.invokeStatic(java.lang.Object, java.lang.Object, int, java.lang.Object)'> (0x00000000ebe04c78) 
thrown [s\src\hotspot\share\interpreter\linkResolver.cpp, line 759]
Event: 2.049 Thread 0x00000206dd11bfe0 Exception <a 'java/lang/NoSuchMethodError'{0x00000000ebe0c3a8}: 'void java.lang.invoke.DelegatingMethodHandle$Holder.delegate(java.lang.Object, java.lang.Object, int, java.lang.Object)'> (0x00000000ebe0c3a8) 
thrown [s\src\hotspot\share\interpreter\linkResolver.cpp, line 759]
Event: 2.050 Thread 0x00000206dd11bfe0 Exception <a 'java/lang/NoSuchMethodError'{0x00000000ebe10790}: 'int java.lang.invoke.DirectMethodHandle$Holder.invokeSpecial(java.lang.Object, java.lang.Object, java.lang.Object)'> (0x00000000ebe10790) 
thrown [s\src\hotspot\share\interpreter\linkResolver.cpp, line 759]
Event: 2.051 Thread 0x00000206dd11bfe0 Exception <a 'java/lang/NoSuchMethodError'{0x00000000ebe22138}: 'int java.lang.invoke.DirectMethodHandle$Holder.invokeStatic(java.lang.Object, java.lang.Object, int)'> (0x00000000ebe22138) 
thrown [s\src\hotspot\share\interpreter\linkResolver.cpp, line 759]
Event: 2.051 Thread 0x00000206dd11bfe0 Exception <a 'java/lang/NoSuchMethodError'{0x00000000ebe26560}: 'int java.lang.invoke.DirectMethodHandle$Holder.invokeSpecial(java.lang.Object, java.lang.Object, java.lang.Object, int)'> (0x00000000ebe26560) 
thrown [s\src\hotspot\share\interpreter\linkResolver.cpp, line 759]
Event: 2.052 Thread 0x00000206dd11bfe0 Exception <a 'java/lang/NoSuchMethodError'{0x00000000ebe42130}: 'java.lang.Object java.lang.invoke.DirectMethodHandle$Holder.invokeStatic(java.lang.Object, java.lang.Object, java.lang.Object, java.lang.Object, int)'> (0x00000000ebe42130) 
thrown [s\src\hotspot\share\interpreter\linkResolver.cpp, line 759]
Event: 2.054 Thread 0x00000206dd11bfe0 Exception <a 'java/lang/NoSuchMethodError'{0x00000000ebe4e4d0}: 'java.lang.Object java.lang.invoke.DelegatingMethodHandle$Holder.reinvoke_L(java.lang.Object, java.lang.Object, java.lang.Object, java.lang.Object, int, int)'> (0x00000000ebe4e4d0) 
thrown [s\src\hotspot\share\interpreter\linkResolver.cpp, line 759]
Event: 2.055 Thread 0x00000206dd11bfe0 Exception <a 'java/lang/NoSuchMethodError'{0x00000000ebe661b8}: 'java.lang.Object java.lang.invoke.Invokers$Holder.invokeExact_MT(java.lang.Object, java.lang.Object, java.lang.Object, java.lang.Object)'> (0x00000000ebe661b8) 
thrown [s\src\hotspot\share\interpreter\linkResolver.cpp, line 759]

VM Operations (20 events):
Event: 1.198 Executing VM operation: HandshakeAllThreads
Event: 1.198 Executing VM operation: HandshakeAllThreads done
Event: 1.199 Executing VM operation: HandshakeAllThreads
Event: 1.199 Executing VM operation: HandshakeAllThreads done
Event: 1.204 Executing VM operation: HandshakeAllThreads
Event: 1.204 Executing VM operation: HandshakeAllThreads done
Event: 1.214 Executing VM operation: HandshakeAllThreads
Event: 1.214 Executing VM operation: HandshakeAllThreads done
Event: 1.403 Executing VM operation: HandshakeAllThreads
Event: 1.403 Executing VM operation: HandshakeAllThreads done
Event: 1.468 Executing VM operation: ParallelGCFailedAllocation
Event: 1.473 Executing VM operation: ParallelGCFailedAllocation done
Event: 1.745 Executing VM operation: HandshakeAllThreads
Event: 1.745 Executing VM operation: HandshakeAllThreads done
Event: 1.792 Executing VM operation: HandshakeAllThreads
Event: 1.792 Executing VM operation: HandshakeAllThreads done
Event: 1.795 Executing VM operation: HandshakeAllThreads
Event: 1.795 Executing VM operation: HandshakeAllThreads done
Event: 2.048 Executing VM operation: HandshakeAllThreads
Event: 2.048 Executing VM operation: HandshakeAllThreads done

Events (20 events):
Event: 2.047 loading class java/lang/invoke/MethodHandleImpl$LoopClauses
Event: 2.047 loading class java/lang/invoke/MethodHandleImpl$LoopClauses done
Event: 2.047 loading class java/lang/invoke/MethodHandleImpl$ArrayAccess
Event: 2.047 loading class java/lang/invoke/MethodHandleImpl$ArrayAccess done
Event: 2.047 loading class java/lang/invoke/MethodHandleImpl$2
Event: 2.047 loading class java/lang/invoke/MethodHandleImpl$2 done
Event: 2.047 loading class java/lang/invoke/MethodHandleImpl$ArrayAccessor
Event: 2.047 loading class java/lang/invoke/MethodHandleImpl$ArrayAccessor done
Event: 2.047 loading class java/lang/invoke/MethodHandleImpl$ArrayAccessor$1
Event: 2.048 loading class java/lang/invoke/MethodHandleImpl$ArrayAccessor$1 done
Event: 2.048 loading class java/lang/ClassValue$ClassValueMap
Event: 2.048 loading class java/lang/ClassValue$ClassValueMap done
Event: 2.050 loading class sun/invoke/util/ValueConversions$WrapperCache
Event: 2.050 loading class sun/invoke/util/ValueConversions$WrapperCache done
Event: 2.051 loading class sun/invoke/util/ValueConversions$1
Event: 2.051 loading class sun/invoke/util/ValueConversions$1 done
Event: 2.051 loading class java/lang/invoke/BoundMethodHandle$Species_LI
Event: 2.051 loading class java/lang/invoke/BoundMethodHandle$Species_LI done
Event: 2.051 loading class java/lang/invoke/ClassSpecializer$Factory$1Var
Event: 2.052 loading class java/lang/invoke/ClassSpecializer$Factory$1Var done


Dynamic libraries:
0x00007ff73d020000 - 0x00007ff73d02e000 	c:\Users\91990\.vscode\extensions\redhat.java-1.18.0-win32-x64\jre\17.0.7-win32-x86_64\bin\java.exe
0x00007fff14620000 - 0x00007fff14829000 	C:\windows\SYSTEM32\ntdll.dll
0x00007fff124a0000 - 0x00007fff1255e000 	C:\windows\System32\KERNEL32.DLL
0x00007fff11c10000 - 0x00007fff11f8c000 	C:\windows\System32\KERNELBASE.dll
0x00007fff12300000 - 0x00007fff12411000 	C:\windows\System32\ucrtbase.dll
0x00007ffef2340000 - 0x00007ffef2357000 	c:\Users\91990\.vscode\extensions\redhat.java-1.18.0-win32-x64\jre\17.0.7-win32-x86_64\bin\jli.dll
0x00007fff12740000 - 0x00007fff128ed000 	C:\windows\System32\USER32.dll
0x00007fff12100000 - 0x00007fff12126000 	C:\windows\System32\win32u.dll
0x00007fff12b40000 - 0x00007fff12b69000 	C:\windows\System32\GDI32.dll
0x00007fff11af0000 - 0x00007fff11c08000 	C:\windows\System32\gdi32full.dll
0x00007fff12260000 - 0x00007fff122fd000 	C:\windows\System32\msvcp_win.dll
0x00007ffef38e0000 - 0x00007ffef38f9000 	c:\Users\91990\.vscode\extensions\redhat.java-1.18.0-win32-x64\jre\17.0.7-win32-x86_64\bin\VCRUNTIME140.dll
0x00007ffef2690000 - 0x00007ffef2935000 	C:\windows\WinSxS\amd64_microsoft.windows.common-controls_6595b64144ccf1df_6.0.22000.120_none_9d947278b86cc467\COMCTL32.dll
0x00007fff141a0000 - 0x00007fff14243000 	C:\windows\System32\msvcrt.dll
0x00007fff12560000 - 0x00007fff12591000 	C:\windows\System32\IMM32.DLL
0x00007fff09400000 - 0x00007fff0940c000 	c:\Users\91990\.vscode\extensions\redhat.java-1.18.0-win32-x64\jre\17.0.7-win32-x86_64\bin\vcruntime140_1.dll
0x00007ffecba10000 - 0x00007ffecbaa1000 	c:\Users\91990\.vscode\extensions\redhat.java-1.18.0-win32-x64\jre\17.0.7-win32-x86_64\bin\msvcp140.dll
0x00007ffe97ea0000 - 0x00007ffe98ae8000 	c:\Users\91990\.vscode\extensions\redhat.java-1.18.0-win32-x64\jre\17.0.7-win32-x86_64\bin\server\jvm.dll
0x00007fff128f0000 - 0x00007fff1299e000 	C:\windows\System32\ADVAPI32.dll
0x00007fff125a0000 - 0x00007fff1263e000 	C:\windows\System32\sechost.dll
0x00007fff134d0000 - 0x00007fff135f0000 	C:\windows\System32\RPCRT4.dll
0x00007fff08bc0000 - 0x00007fff08bf3000 	C:\windows\SYSTEM32\WINMM.dll
0x00007ffeecc50000 - 0x00007ffeecc59000 	C:\windows\SYSTEM32\WSOCK32.dll
0x00007fff14570000 - 0x00007fff145df000 	C:\windows\System32\WS2_32.dll
0x00007fff09640000 - 0x00007fff0964a000 	C:\windows\SYSTEM32\VERSION.dll
0x00007fff10c60000 - 0x00007fff10c78000 	C:\windows\SYSTEM32\kernel.appcore.dll
0x00007fff07590000 - 0x00007fff0759a000 	c:\Users\91990\.vscode\extensions\redhat.java-1.18.0-win32-x64\jre\17.0.7-win32-x86_64\bin\jimage.dll
0x00007fff0f540000 - 0x00007fff0f761000 	C:\windows\SYSTEM32\DBGHELP.DLL
0x00007ffeec310000 - 0x00007ffeec341000 	C:\windows\SYSTEM32\dbgcore.DLL
0x00007fff12420000 - 0x00007fff1249f000 	C:\windows\System32\bcryptPrimitives.dll
0x00007fff06170000 - 0x00007fff0617e000 	c:\Users\91990\.vscode\extensions\redhat.java-1.18.0-win32-x64\jre\17.0.7-win32-x86_64\bin\instrument.dll
0x00007ffeed160000 - 0x00007ffeed185000 	c:\Users\91990\.vscode\extensions\redhat.java-1.18.0-win32-x64\jre\17.0.7-win32-x86_64\bin\java.dll
0x00007ffef2290000 - 0x00007ffef22a8000 	c:\Users\91990\.vscode\extensions\redhat.java-1.18.0-win32-x64\jre\17.0.7-win32-x86_64\bin\zip.dll
0x00007fff139d0000 - 0x00007fff14195000 	C:\windows\System32\SHELL32.dll
0x00007fff0fb70000 - 0x00007fff103d5000 	C:\windows\SYSTEM32\windows.storage.dll
0x00007fff13650000 - 0x00007fff139c6000 	C:\windows\System32\combase.dll
0x00007fff0fa00000 - 0x00007fff0fb66000 	C:\windows\SYSTEM32\wintypes.dll
0x00007fff130d0000 - 0x00007fff131ba000 	C:\windows\System32\SHCORE.dll
0x00007fff135f0000 - 0x00007fff1364d000 	C:\windows\System32\shlwapi.dll
0x00007fff11a20000 - 0x00007fff11a41000 	C:\windows\SYSTEM32\profapi.dll
0x00007ffef1eb0000 - 0x00007ffef1ec9000 	C:\Users\91990\.vscode\extensions\redhat.java-1.18.0-win32-x64\jre\17.0.7-win32-x86_64\bin\net.dll
0x00007fff0ac70000 - 0x00007fff0ad82000 	C:\windows\SYSTEM32\WINHTTP.dll
0x00007fff11100000 - 0x00007fff11167000 	C:\windows\system32\mswsock.dll
0x00007ffef1da0000 - 0x00007ffef1db5000 	C:\Users\91990\.vscode\extensions\redhat.java-1.18.0-win32-x64\jre\17.0.7-win32-x86_64\bin\nio.dll
0x00007ffef8e10000 - 0x00007ffef8e20000 	c:\Users\91990\.vscode\extensions\redhat.java-1.18.0-win32-x64\jre\17.0.7-win32-x86_64\bin\verify.dll
0x00007ffef08b0000 - 0x00007ffef08ee000 	C:\Users\91990\AppData\Roaming\Code\User\globalStorage\redhat.java\1.18.0\config_ss_win\org.eclipse.equinox.launcher\org.eclipse.equinox.launcher.win32.win32.x86_64_1.2.700.v20221108-1024\eclipse_11801.dll
0x00007fff129a0000 - 0x00007fff12b3a000 	C:\windows\System32\ole32.dll

dbghelp: loaded successfully - version: 4.0.5 - missing functions: none
symbol engine: initialized successfully - sym options: 0x614 - pdb path: .;c:\Users\91990\.vscode\extensions\redhat.java-1.18.0-win32-x64\jre\17.0.7-win32-x86_64\bin;C:\windows\SYSTEM32;C:\windows\WinSxS\amd64_microsoft.windows.common-controls_6595b64144ccf1df_6.0.22000.120_none_9d947278b86cc467;c:\Users\91990\.vscode\extensions\redhat.java-1.18.0-win32-x64\jre\17.0.7-win32-x86_64\bin\server;C:\Users\91990\AppData\Roaming\Code\User\globalStorage\redhat.java\1.18.0\config_ss_win\org.eclipse.equinox.launcher\org.eclipse.equinox.launcher.win32.win32.x86_64_1.2.700.v20221108-1024

VM Arguments:
jvm_args: --add-modules=ALL-SYSTEM --add-opens=java.base/java.util=ALL-UNNAMED --add-opens=java.base/java.lang=ALL-UNNAMED --add-opens=java.base/sun.nio.fs=ALL-UNNAMED -Declipse.application=org.eclipse.jdt.ls.core.id1 -Dosgi.bundles.defaultStartLevel=4 -Declipse.product=org.eclipse.jdt.ls.core.product -Djava.import.generatesMetadataFilesAtProjectRoot=false -Dfile.encoding=utf8 -XX:+UseParallelGC -XX:GCTimeRatio=4 -XX:AdaptiveSizePolicyWeight=90 -Dsun.zip.disableMemoryMapping=true -Xmx1G -Xms100m -Xlog:disable -javaagent:c:\Users\91990\.vscode\extensions\redhat.java-1.18.0-win32-x64\lombok\lombok-1.18.27.jar 
java_command: c:\Users\91990\.vscode\extensions\redhat.java-1.18.0-win32-x64\server\plugins\org.eclipse.equinox.launcher_1.6.400.v20210924-0641.jar -configuration c:\Users\91990\AppData\Roaming\Code\User\globalStorage\redhat.java\1.18.0\config_ss_win -data c:\Users\91990\AppData\Roaming\Code\User\workspaceStorage\7c9bd1307bccc8df15c5138a93fb64b3\redhat.java\ss_ws
java_class_path (initial): c:\Users\91990\.vscode\extensions\redhat.java-1.18.0-win32-x64\server\plugins\org.eclipse.equinox.launcher_1.6.400.v20210924-0641.jar
Launcher Type: SUN_STANDARD

[Global flags]
    uintx AdaptiveSizePolicyWeight                 = 90                                        {product} {command line}
     intx CICompilerCount                          = 4                                         {product} {ergonomic}
    uintx GCTimeRatio                              = 4                                         {product} {command line}
   size_t InitialHeapSize                          = 104857600                                 {product} {command line}
   size_t MaxHeapSize                              = 1073741824                                {product} {command line}
   size_t MaxNewSize                               = 357564416                                 {product} {ergonomic}
   size_t MinHeapDeltaBytes                        = 524288                                    {product} {ergonomic}
   size_t MinHeapSize                              = 104857600                                 {product} {command line}
   size_t NewSize                                  = 34603008                                  {product} {ergonomic}
    uintx NonNMethodCodeHeapSize                   = 5839372                                {pd product} {ergonomic}
    uintx NonProfiledCodeHeapSize                  = 122909434                              {pd product} {ergonomic}
   size_t OldSize                                  = 70254592                                  {product} {ergonomic}
    uintx ProfiledCodeHeapSize                     = 122909434                              {pd product} {ergonomic}
    uintx ReservedCodeCacheSize                    = 251658240                              {pd product} {ergonomic}
     bool SegmentedCodeCache                       = true                                      {product} {ergonomic}
   size_t SoftMaxHeapSize                          = 1073741824                             {manageable} {ergonomic}
     bool UseCompressedClassPointers               = true                           {product lp64_product} {ergonomic}
     bool UseCompressedOops                        = true                           {product lp64_product} {ergonomic}
     bool UseLargePagesIndividualAllocation        = false                                  {pd product} {ergonomic}
     bool UseParallelGC                            = true                                      {product} {command line}

Logging:
Log output configuration:
 #0: stdout all=off uptime,level,tags
 #1: stderr all=off uptime,level,tags

Environment Variables:
PATH=C:\Python311\Scripts\;C:\Python311\;C:\Program Files\Common Files\Oracle\Java\javapath;C:\windows\system32;C:\windows;C:\windows\System32\Wbem;C:\windows\System32\WindowsPowerShell\v1.0\;C:\windows\System32\OpenSSH\;C:\Program Files\Java\jdk-18\bin;C:\Program Files\dotnet\;C:\Program Files\Git\cmd;C:\Program Files\PowerShell\7\;C:\Program Files\nodejs\;C:\ProgramData\chocolatey\bin;C:\Users\91990\AppData\Local\Programs\Python\Python310\Scripts\;C:\Users\91990\AppData\Local\Programs\Python\Python310\;C:\Users\91990\AppData\Local\Microsoft\WindowsApps;C:\MinGW\bin;D:\Microsoft VS Code\bin;C:\Users\91990\AppData\Roaming\npm
USERNAME=91990
OS=Windows_NT
PROCESSOR_IDENTIFIER=Intel64 Family 6 Model 140 Stepping 2, GenuineIntel
TMP=C:\Users\91990\AppData\Local\Temp
TEMP=C:\Users\91990\AppData\Local\Temp



---------------  S Y S T E M  ---------------

OS:
 Windows 11 , 64 bit Build 22000 (10.0.22000.1516)
OS uptime: 26 days 9:37 hours
Hyper-V role detected

CPU: total 8 (initial active 8) (4 cores per cpu, 2 threads per core) family 6 model 140 stepping 2 microcode 0x22, cx8, cmov, fxsr, ht, mmx, 3dnowpref, sse, sse2, sse3, ssse3, sse4.1, sse4.2, popcnt, lzcnt, tsc, tscinvbit, avx, avx2, aes, erms, clmul, bmi1, bmi2, adx, avx512f, avx512dq, avx512cd, avx512bw, avx512vl, sha, fma, vzeroupper, avx512_vpopcntdq, avx512_vpclmulqdq, avx512_vaes, avx512_vnni, clflush, clflushopt, clwb, avx512_vbmi2, avx512_vbmi, hv

Memory: 4k page, system-wide physical 7959M (1287M free)
TotalPageFile size 27178M (AvailPageFile size 9M)
current process WorkingSet (physical memory assigned to process): 100M, peak: 100M
current process commit charge ("private bytes"): 214M, peak: 214M

vm_info: OpenJDK 64-Bit Server VM (17.0.7+7) for windows-amd64 JRE (17.0.7+7), built on Apr 18 2023 22:10:42 by "temurin" with MS VC++ 16.7 (VS2019)

END.
